{"total": {"lines":{"total":1095,"covered":288,"skipped":0,"pct":26.3},"statements":{"total":1119,"covered":289,"skipped":0,"pct":25.83},"functions":{"total":293,"covered":51,"skipped":0,"pct":17.41},"branches":{"total":406,"covered":51,"skipped":0,"pct":12.56}}
,"/e2e/App.tsx": {"lines":{"total":52,"covered":45,"skipped":0,"pct":86.54},"functions":{"total":15,"covered":11,"skipped":0,"pct":73.33},"statements":{"total":53,"covered":46,"skipped":0,"pct":86.79},"branches":{"total":18,"covered":14,"skipped":0,"pct":77.78}}
,"/e2e/localConstants.js": {"lines":{"total":1,"covered":1,"skipped":0,"pct":100},"functions":{"total":0,"covered":0,"skipped":0,"pct":100},"statements":{"total":1,"covered":1,"skipped":0,"pct":100},"branches":{"total":0,"covered":0,"skipped":0,"pct":100}}
,"/e2e/components/AboutMeCard.tsx": {"lines":{"total":4,"covered":3,"skipped":0,"pct":75},"functions":{"total":1,"covered":0,"skipped":0,"pct":0},"statements":{"total":4,"covered":3,"skipped":0,"pct":75},"branches":{"total":4,"covered":0,"skipped":0,"pct":0}}
,"/e2e/components/ButtonCustom.tsx": {"lines":{"total":3,"covered":1,"skipped":0,"pct":33.33},"functions":{"total":1,"covered":0,"skipped":0,"pct":0},"statements":{"total":3,"covered":1,"skipped":0,"pct":33.33},"branches":{"total":12,"covered":0,"skipped":0,"pct":0}}
,"/e2e/components/ButtonForm.tsx": {"lines":{"total":7,"covered":7,"skipped":0,"pct":100},"functions":{"total":3,"covered":3,"skipped":0,"pct":100},"statements":{"total":7,"covered":7,"skipped":0,"pct":100},"branches":{"total":4,"covered":4,"skipped":0,"pct":100}}
,"/e2e/components/Card.tsx": {"lines":{"total":13,"covered":5,"skipped":0,"pct":38.46},"functions":{"total":5,"covered":0,"skipped":0,"pct":0},"statements":{"total":13,"covered":5,"skipped":0,"pct":38.46},"branches":{"total":14,"covered":1,"skipped":0,"pct":7.14}}
,"/e2e/components/CarouselCards.js": {"lines":{"total":81,"covered":3,"skipped":0,"pct":3.7},"functions":{"total":15,"covered":0,"skipped":0,"pct":0},"statements":{"total":84,"covered":3,"skipped":0,"pct":3.57},"branches":{"total":32,"covered":0,"skipped":0,"pct":0}}
,"/e2e/components/CarouselListingItem.js": {"lines":{"total":40,"covered":4,"skipped":0,"pct":10},"functions":{"total":13,"covered":0,"skipped":0,"pct":0},"statements":{"total":42,"covered":4,"skipped":0,"pct":9.52},"branches":{"total":37,"covered":0,"skipped":0,"pct":0}}
,"/e2e/components/DateSelect.tsx": {"lines":{"total":28,"covered":2,"skipped":0,"pct":7.14},"functions":{"total":9,"covered":0,"skipped":0,"pct":0},"statements":{"total":32,"covered":2,"skipped":0,"pct":6.25},"branches":{"total":14,"covered":0,"skipped":0,"pct":0}}
,"/e2e/components/DogSelect.tsx": {"lines":{"total":20,"covered":3,"skipped":0,"pct":15},"functions":{"total":8,"covered":0,"skipped":0,"pct":0},"statements":{"total":21,"covered":3,"skipped":0,"pct":14.29},"branches":{"total":8,"covered":0,"skipped":0,"pct":0}}
,"/e2e/components/ExploreFilter.tsx": {"lines":{"total":10,"covered":8,"skipped":0,"pct":80},"functions":{"total":5,"covered":3,"skipped":0,"pct":60},"statements":{"total":10,"covered":8,"skipped":0,"pct":80},"branches":{"total":0,"covered":0,"skipped":0,"pct":100}}
,"/e2e/components/FormInput.tsx": {"lines":{"total":3,"covered":3,"skipped":0,"pct":100},"functions":{"total":1,"covered":1,"skipped":0,"pct":100},"statements":{"total":3,"covered":3,"skipped":0,"pct":100},"branches":{"total":0,"covered":0,"skipped":0,"pct":100}}
,"/e2e/components/FormItem.tsx": {"lines":{"total":3,"covered":2,"skipped":0,"pct":66.67},"functions":{"total":1,"covered":0,"skipped":0,"pct":0},"statements":{"total":3,"covered":2,"skipped":0,"pct":66.67},"branches":{"total":4,"covered":0,"skipped":0,"pct":0}}
,"/e2e/components/ImageUpload.tsx": {"lines":{"total":50,"covered":1,"skipped":0,"pct":2},"functions":{"total":11,"covered":0,"skipped":0,"pct":0},"statements":{"total":51,"covered":1,"skipped":0,"pct":1.96},"branches":{"total":31,"covered":0,"skipped":0,"pct":0}}
,"/e2e/components/LeaveFeedback.tsx": {"lines":{"total":20,"covered":0,"skipped":0,"pct":0},"functions":{"total":2,"covered":0,"skipped":0,"pct":0},"statements":{"total":20,"covered":0,"skipped":0,"pct":0},"branches":{"total":12,"covered":0,"skipped":0,"pct":0}}
,"/e2e/components/ListingCard.tsx": {"lines":{"total":5,"covered":3,"skipped":0,"pct":60},"functions":{"total":2,"covered":0,"skipped":0,"pct":0},"statements":{"total":5,"covered":3,"skipped":0,"pct":60},"branches":{"total":6,"covered":1,"skipped":0,"pct":16.67}}
,"/e2e/components/MessageThread.tsx": {"lines":{"total":3,"covered":2,"skipped":0,"pct":66.67},"functions":{"total":1,"covered":0,"skipped":0,"pct":0},"statements":{"total":3,"covered":2,"skipped":0,"pct":66.67},"branches":{"total":4,"covered":1,"skipped":0,"pct":25}}
,"/e2e/components/ScrollViewContainer.tsx": {"lines":{"total":2,"covered":1,"skipped":0,"pct":50},"functions":{"total":1,"covered":0,"skipped":0,"pct":0},"statements":{"total":2,"covered":1,"skipped":0,"pct":50},"branches":{"total":0,"covered":0,"skipped":0,"pct":100}}
,"/e2e/components/SizeSelector.js": {"lines":{"total":19,"covered":10,"skipped":0,"pct":52.63},"functions":{"total":6,"covered":3,"skipped":0,"pct":50},"statements":{"total":19,"covered":10,"skipped":0,"pct":52.63},"branches":{"total":12,"covered":5,"skipped":0,"pct":41.67}}
,"/e2e/components/StatusListing.tsx": {"lines":{"total":35,"covered":0,"skipped":0,"pct":0},"functions":{"total":1,"covered":0,"skipped":0,"pct":0},"statements":{"total":35,"covered":0,"skipped":0,"pct":0},"branches":{"total":33,"covered":0,"skipped":0,"pct":0}}
,"/e2e/constants/Colors.ts": {"lines":{"total":26,"covered":26,"skipped":0,"pct":100},"functions":{"total":0,"covered":0,"skipped":0,"pct":100},"statements":{"total":26,"covered":26,"skipped":0,"pct":100},"branches":{"total":0,"covered":0,"skipped":0,"pct":100}}
,"/e2e/constants/Values.js": {"lines":{"total":2,"covered":2,"skipped":0,"pct":100},"functions":{"total":0,"covered":0,"skipped":0,"pct":100},"statements":{"total":2,"covered":2,"skipped":0,"pct":100},"branches":{"total":0,"covered":0,"skipped":0,"pct":100}}
,"/e2e/hooks/useCachedResources.ts": {"lines":{"total":10,"covered":9,"skipped":0,"pct":90},"functions":{"total":3,"covered":3,"skipped":0,"pct":100},"statements":{"total":10,"covered":9,"skipped":0,"pct":90},"branches":{"total":0,"covered":0,"skipped":0,"pct":100}}
,"/e2e/hooks/useColorScheme.ts": {"lines":{"total":1,"covered":1,"skipped":0,"pct":100},"functions":{"total":1,"covered":1,"skipped":0,"pct":100},"statements":{"total":1,"covered":1,"skipped":0,"pct":100},"branches":{"total":0,"covered":0,"skipped":0,"pct":100}}
,"/e2e/navigation/AuthContext.ts": {"lines":{"total":1,"covered":1,"skipped":0,"pct":100},"functions":{"total":8,"covered":0,"skipped":0,"pct":0},"statements":{"total":1,"covered":1,"skipped":0,"pct":100},"branches":{"total":0,"covered":0,"skipped":0,"pct":100}}
,"/e2e/navigation/BottomTabNavigator.tsx": {"lines":{"total":29,"covered":18,"skipped":0,"pct":62.07},"functions":{"total":19,"covered":8,"skipped":0,"pct":42.11},"statements":{"total":29,"covered":18,"skipped":0,"pct":62.07},"branches":{"total":0,"covered":0,"skipped":0,"pct":100}}
,"/e2e/navigation/index.tsx": {"lines":{"total":2,"covered":2,"skipped":0,"pct":100},"functions":{"total":1,"covered":1,"skipped":0,"pct":100},"statements":{"total":2,"covered":2,"skipped":0,"pct":100},"branches":{"total":0,"covered":0,"skipped":0,"pct":100}}
,"/e2e/navigation/AuthStack/AuthStack.tsx": {"lines":{"total":3,"covered":3,"skipped":0,"pct":100},"functions":{"total":1,"covered":1,"skipped":0,"pct":100},"statements":{"total":3,"covered":3,"skipped":0,"pct":100},"branches":{"total":0,"covered":0,"skipped":0,"pct":100}}
,"/e2e/redux/store.js": {"lines":{"total":14,"covered":8,"skipped":0,"pct":57.14},"functions":{"total":4,"covered":1,"skipped":0,"pct":25},"statements":{"total":14,"covered":8,"skipped":0,"pct":57.14},"branches":{"total":5,"covered":2,"skipped":0,"pct":40}}
,"/e2e/screens/ListingScreen.tsx": {"lines":{"total":30,"covered":4,"skipped":0,"pct":13.33},"functions":{"total":4,"covered":0,"skipped":0,"pct":0},"statements":{"total":30,"covered":4,"skipped":0,"pct":13.33},"branches":{"total":6,"covered":1,"skipped":0,"pct":16.67}}
,"/e2e/screens/LoginScreen.tsx": {"lines":{"total":11,"covered":11,"skipped":0,"pct":100},"functions":{"total":4,"covered":4,"skipped":0,"pct":100},"statements":{"total":11,"covered":11,"skipped":0,"pct":100},"branches":{"total":2,"covered":1,"skipped":0,"pct":50}}
,"/e2e/screens/MessageScreen.js": {"lines":{"total":68,"covered":3,"skipped":0,"pct":4.41},"functions":{"total":21,"covered":0,"skipped":0,"pct":0},"statements":{"total":69,"covered":3,"skipped":0,"pct":4.35},"branches":{"total":9,"covered":0,"skipped":0,"pct":0}}
,"/e2e/screens/NotFoundScreen.tsx": {"lines":{"total":3,"covered":1,"skipped":0,"pct":33.33},"functions":{"total":2,"covered":0,"skipped":0,"pct":0},"statements":{"total":3,"covered":1,"skipped":0,"pct":33.33},"branches":{"total":0,"covered":0,"skipped":0,"pct":100}}
,"/e2e/screens/RegisterScreen.tsx": {"lines":{"total":13,"covered":12,"skipped":0,"pct":92.31},"functions":{"total":4,"covered":3,"skipped":0,"pct":75},"statements":{"total":13,"covered":12,"skipped":0,"pct":92.31},"branches":{"total":2,"covered":1,"skipped":0,"pct":50}}
,"/e2e/screens/TabExplore.tsx": {"lines":{"total":98,"covered":61,"skipped":0,"pct":62.24},"functions":{"total":11,"covered":8,"skipped":0,"pct":72.73},"statements":{"total":98,"covered":61,"skipped":0,"pct":62.24},"branches":{"total":28,"covered":17,"skipped":0,"pct":60.71}}
,"/e2e/screens/TabInbox.tsx": {"lines":{"total":65,"covered":1,"skipped":0,"pct":1.54},"functions":{"total":12,"covered":0,"skipped":0,"pct":0},"statements":{"total":68,"covered":1,"skipped":0,"pct":1.47},"branches":{"total":30,"covered":0,"skipped":0,"pct":0}}
,"/e2e/screens/Blog/BlogPostScreen.tsx": {"lines":{"total":25,"covered":4,"skipped":0,"pct":16},"functions":{"total":7,"covered":0,"skipped":0,"pct":0},"statements":{"total":25,"covered":4,"skipped":0,"pct":16},"branches":{"total":7,"covered":1,"skipped":0,"pct":14.29}}
,"/e2e/screens/Blog/NewBlogPostScreen.tsx": {"lines":{"total":32,"covered":0,"skipped":0,"pct":0},"functions":{"total":5,"covered":0,"skipped":0,"pct":0},"statements":{"total":32,"covered":0,"skipped":0,"pct":0},"branches":{"total":6,"covered":0,"skipped":0,"pct":0}}
,"/e2e/screens/Blog/TabBlog.tsx": {"lines":{"total":20,"covered":1,"skipped":0,"pct":5},"functions":{"total":6,"covered":0,"skipped":0,"pct":0},"statements":{"total":20,"covered":1,"skipped":0,"pct":5},"branches":{"total":6,"covered":0,"skipped":0,"pct":0}}
,"/e2e/screens/Listings/Applied.js": {"lines":{"total":23,"covered":1,"skipped":0,"pct":4.35},"functions":{"total":6,"covered":0,"skipped":0,"pct":0},"statements":{"total":23,"covered":1,"skipped":0,"pct":4.35},"branches":{"total":4,"covered":0,"skipped":0,"pct":0}}
,"/e2e/screens/Listings/LeaveFeedbackScreen.tsx": {"lines":{"total":16,"covered":2,"skipped":0,"pct":12.5},"functions":{"total":5,"covered":0,"skipped":0,"pct":0},"statements":{"total":16,"covered":2,"skipped":0,"pct":12.5},"branches":{"total":10,"covered":2,"skipped":0,"pct":20}}
,"/e2e/screens/Listings/MyListings.js": {"lines":{"total":21,"covered":1,"skipped":0,"pct":4.76},"functions":{"total":7,"covered":0,"skipped":0,"pct":0},"statements":{"total":21,"covered":1,"skipped":0,"pct":4.76},"branches":{"total":4,"covered":0,"skipped":0,"pct":0}}
,"/e2e/screens/Listings/NewListingScreen.tsx": {"lines":{"total":35,"covered":1,"skipped":0,"pct":2.86},"functions":{"total":10,"covered":0,"skipped":0,"pct":0},"statements":{"total":35,"covered":1,"skipped":0,"pct":2.86},"branches":{"total":4,"covered":0,"skipped":0,"pct":0}}
,"/e2e/screens/Listings/TabListings.js": {"lines":{"total":6,"covered":1,"skipped":0,"pct":16.67},"functions":{"total":3,"covered":0,"skipped":0,"pct":0},"statements":{"total":6,"covered":1,"skipped":0,"pct":16.67},"branches":{"total":0,"covered":0,"skipped":0,"pct":100}}
,"/e2e/screens/Settings/BecomeAReporterScreen.tsx": {"lines":{"total":15,"covered":4,"skipped":0,"pct":26.67},"functions":{"total":6,"covered":0,"skipped":0,"pct":0},"statements":{"total":15,"covered":4,"skipped":0,"pct":26.67},"branches":{"total":2,"covered":0,"skipped":0,"pct":0}}
,"/e2e/screens/Settings/EditDogScreen.tsx": {"lines":{"total":33,"covered":0,"skipped":0,"pct":0},"functions":{"total":10,"covered":0,"skipped":0,"pct":0},"statements":{"total":37,"covered":0,"skipped":0,"pct":0},"branches":{"total":11,"covered":0,"skipped":0,"pct":0}}
,"/e2e/screens/Settings/EditProfileScreen.tsx": {"lines":{"total":28,"covered":1,"skipped":0,"pct":3.57},"functions":{"total":8,"covered":0,"skipped":0,"pct":0},"statements":{"total":28,"covered":1,"skipped":0,"pct":3.57},"branches":{"total":2,"covered":0,"skipped":0,"pct":0}}
,"/e2e/screens/Settings/MyDogsScreen.tsx": {"lines":{"total":19,"covered":3,"skipped":0,"pct":15.79},"functions":{"total":7,"covered":0,"skipped":0,"pct":0},"statements":{"total":19,"covered":3,"skipped":0,"pct":15.79},"branches":{"total":4,"covered":0,"skipped":0,"pct":0}}
,"/e2e/screens/Settings/NewDogScreen.tsx": {"lines":{"total":28,"covered":0,"skipped":0,"pct":0},"functions":{"total":9,"covered":0,"skipped":0,"pct":0},"statements":{"total":32,"covered":0,"skipped":0,"pct":0},"branches":{"total":11,"covered":0,"skipped":0,"pct":0}}
,"/e2e/screens/Settings/TabSettings.tsx": {"lines":{"total":19,"covered":2,"skipped":0,"pct":10.53},"functions":{"total":8,"covered":0,"skipped":0,"pct":0},"statements":{"total":19,"covered":2,"skipped":0,"pct":10.53},"branches":{"total":8,"covered":0,"skipped":0,"pct":0}}
}
