TN:
SF:App.tsx
FN:14,App
FN:17,(anonymous_1)
FN:56,(anonymous_2)
FN:58,(anonymous_3)
FN:77,(anonymous_4)
FN:80,(anonymous_5)
FN:85,(anonymous_6)
FN:86,(anonymous_7)
FN:108,(anonymous_8)
FN:124,(anonymous_9)
FN:128,(anonymous_10)
FN:149,(anonymous_11)
FN:152,(anonymous_12)
FN:155,(anonymous_13)
FN:158,(anonymous_14)
FNF:15
FNH:11
FNDA:70,App
FNDA:61,(anonymous_1)
FNDA:18,(anonymous_2)
FNDA:18,(anonymous_3)
FNDA:25,(anonymous_4)
FNDA:2,(anonymous_5)
FNDA:70,(anonymous_6)
FNDA:3,(anonymous_7)
FNDA:14,(anonymous_8)
FNDA:0,(anonymous_9)
FNDA:6,(anonymous_10)
FNDA:7,(anonymous_11)
FNDA:0,(anonymous_12)
FNDA:0,(anonymous_13)
FNDA:0,(anonymous_14)
DA:15,70
DA:16,70
DA:18,61
DA:20,36
DA:26,7
DA:32,0
DA:38,18
DA:56,70
DA:58,18
DA:61,18
DA:62,18
DA:63,18
DA:71,18
DA:74,18
DA:77,70
DA:79,25
DA:80,7
DA:84,70
DA:85,70
DA:91,3
DA:96,3
DA:97,3
DA:98,3
DA:99,3
DA:100,3
DA:101,3
DA:102,3
DA:104,0
DA:109,14
DA:110,14
DA:117,14
DA:118,14
DA:119,14
DA:120,9
DA:121,9
DA:125,0
DA:126,0
DA:129,6
DA:139,6
DA:140,6
DA:141,4
DA:142,4
DA:143,4
DA:144,4
DA:146,2
DA:150,7
DA:153,0
DA:156,0
DA:159,0
DA:165,70
DA:166,36
DA:168,34
LF:52
LH:45
BRDA:18,0,0,36
BRDA:18,0,1,7
BRDA:18,0,2,0
BRDA:18,0,3,18
BRDA:79,1,0,7
BRDA:79,1,1,18
BRDA:98,2,0,3
BRDA:98,2,1,0
BRDA:109,3,0,14
BRDA:109,3,1,0
BRDA:118,4,0,14
BRDA:118,4,1,0
BRDA:140,5,0,4
BRDA:140,5,1,2
BRDA:165,6,0,36
BRDA:165,6,1,34
BRDA:173,7,0,25
BRDA:173,7,1,9
BRF:18
BRH:14
end_of_record
TN:
SF:localConstants.js
FNF:0
FNH:0
DA:1,18
LF:1
LH:1
BRF:0
BRH:0
end_of_record
TN:
SF:components/AboutMeCard.tsx
FN:19,(anonymous_0)
FNF:1
FNH:0
FNDA:0,(anonymous_0)
DA:20,0
DA:74,18
DA:75,18
DA:76,18
LF:4
LH:3
BRDA:35,0,0,0
BRDA:35,0,1,0
BRDA:44,1,0,0
BRDA:44,1,1,0
BRF:4
BRH:0
end_of_record
TN:
SF:components/ButtonCustom.tsx
FN:34,(anonymous_0)
FNF:1
FNH:0
FNDA:0,(anonymous_0)
DA:5,18
DA:35,0
DA:36,0
LF:3
LH:1
BRDA:41,0,0,0
BRDA:41,0,1,0
BRDA:42,1,0,0
BRDA:42,1,1,0
BRDA:43,2,0,0
BRDA:43,2,1,0
BRDA:44,3,0,0
BRDA:44,3,1,0
BRDA:45,4,0,0
BRDA:45,4,1,0
BRDA:49,5,0,0
BRDA:49,5,1,0
BRF:12
BRH:0
end_of_record
TN:
SF:components/ButtonForm.tsx
FN:16,(anonymous_0)
FN:71,(anonymous_1)
FN:75,(anonymous_2)
FNF:3
FNH:3
FNDA:520,(anonymous_0)
FNDA:520,(anonymous_1)
FNDA:520,(anonymous_2)
DA:16,18
DA:17,520
DA:30,18
DA:62,18
DA:71,520
DA:73,18
DA:75,520
LF:7
LH:7
BRDA:71,0,0,260
BRDA:71,0,1,260
BRDA:75,1,0,260
BRDA:75,1,1,260
BRF:4
BRH:4
end_of_record
TN:
SF:components/Card.tsx
FN:25,(anonymous_0)
FN:34,(anonymous_1)
FN:39,(anonymous_2)
FN:89,(anonymous_3)
FN:95,(anonymous_4)
FNF:5
FNH:0
FNDA:0,(anonymous_0)
FNDA:0,(anonymous_1)
FNDA:0,(anonymous_2)
FNDA:0,(anonymous_3)
FNDA:0,(anonymous_4)
DA:22,18
DA:23,18
DA:25,18
DA:26,0
DA:27,0
DA:39,18
DA:40,0
DA:41,0
DA:57,0
DA:58,0
DA:89,0
DA:95,0
DA:101,18
LF:13
LH:5
BRDA:63,0,0,0
BRDA:63,0,1,0
BRDA:66,1,0,0
BRDA:66,1,1,0
BRDA:66,1,2,0
BRDA:72,2,0,0
BRDA:72,2,1,0
BRDA:86,3,0,0
BRDA:86,3,1,0
BRDA:95,4,0,0
BRDA:95,4,1,0
BRDA:95,4,2,0
BRDA:150,5,0,18
BRDA:150,5,1,0
BRF:14
BRH:1
end_of_record
TN:
SF:components/CarouselCards.js
FN:65,(anonymous_0)
FN:94,(anonymous_1)
FN:106,(anonymous_2)
FN:115,(anonymous_3)
FN:119,(anonymous_4)
FN:124,(anonymous_5)
FN:126,(anonymous_6)
FN:161,(anonymous_7)
FN:163,(anonymous_8)
FN:172,(anonymous_9)
FN:196,(anonymous_10)
FN:205,(anonymous_11)
FN:225,(anonymous_12)
FN:248,(anonymous_13)
FN:254,(anonymous_14)
FNF:15
FNH:0
FNDA:0,(anonymous_0)
FNDA:0,(anonymous_1)
FNDA:0,(anonymous_2)
FNDA:0,(anonymous_3)
FNDA:0,(anonymous_4)
FNDA:0,(anonymous_5)
FNDA:0,(anonymous_6)
FNDA:0,(anonymous_7)
FNDA:0,(anonymous_8)
FNDA:0,(anonymous_9)
FNDA:0,(anonymous_10)
FNDA:0,(anonymous_11)
FNDA:0,(anonymous_12)
FNDA:0,(anonymous_13)
FNDA:0,(anonymous_14)
DA:10,18
DA:11,18
DA:65,18
DA:66,0
DA:67,0
DA:68,0
DA:69,0
DA:70,0
DA:71,0
DA:73,0
DA:74,0
DA:75,0
DA:76,0
DA:94,0
DA:95,0
DA:96,0
DA:97,0
DA:98,0
DA:99,0
DA:101,0
DA:106,0
DA:107,0
DA:108,0
DA:110,0
DA:115,0
DA:116,0
DA:119,0
DA:120,0
DA:124,0
DA:125,0
DA:126,0
DA:127,0
DA:128,0
DA:129,0
DA:130,0
DA:131,0
DA:132,0
DA:143,0
DA:144,0
DA:145,0
DA:146,0
DA:147,0
DA:148,0
DA:150,0
DA:151,0
DA:152,0
DA:153,0
DA:156,0
DA:161,0
DA:162,0
DA:163,0
DA:165,0
DA:166,0
DA:167,0
DA:168,0
DA:169,0
DA:170,0
DA:171,0
DA:172,0
DA:173,0
DA:176,0
DA:179,0
DA:190,0
DA:191,0
DA:194,0
DA:195,0
DA:196,0
DA:197,0
DA:201,0
DA:205,0
DA:206,0
DA:207,0
DA:208,0
DA:227,0
DA:228,0
DA:231,0
DA:232,0
DA:239,0
DA:241,0
DA:248,0
DA:254,0
LF:81
LH:3
BRDA:97,0,0,0
BRDA:97,0,1,0
BRDA:98,1,0,0
BRDA:98,1,1,0
BRDA:107,2,0,0
BRDA:107,2,1,0
BRDA:126,3,0,0
BRDA:126,3,1,0
BRDA:126,4,0,0
BRDA:126,4,1,0
BRDA:143,5,0,0
BRDA:143,5,1,0
BRDA:145,6,0,0
BRDA:145,6,1,0
BRDA:147,7,0,0
BRDA:147,7,1,0
BRDA:150,8,0,0
BRDA:150,8,1,0
BRDA:152,9,0,0
BRDA:152,9,1,0
BRDA:163,10,0,0
BRDA:163,10,1,0
BRDA:171,11,0,0
BRDA:171,11,1,0
BRDA:190,12,0,0
BRDA:190,12,1,0
BRDA:194,13,0,0
BRDA:194,13,1,0
BRDA:196,14,0,0
BRDA:196,14,1,0
BRDA:259,15,0,0
BRDA:259,15,1,0
BRF:32
BRH:0
end_of_record
TN:
SF:components/CarouselListingItem.js
FN:11,(anonymous_0)
FN:17,(anonymous_1)
FN:30,(anonymous_2)
FN:37,(anonymous_3)
FN:42,(anonymous_4)
FN:55,(anonymous_5)
FN:62,(anonymous_6)
FN:67,(anonymous_7)
FN:68,(anonymous_8)
FN:80,(anonymous_9)
FN:87,(anonymous_10)
FN:92,(anonymous_11)
FN:94,(anonymous_12)
FNF:13
FNH:0
FNDA:0,(anonymous_0)
FNDA:0,(anonymous_1)
FNDA:0,(anonymous_2)
FNDA:0,(anonymous_3)
FNDA:0,(anonymous_4)
FNDA:0,(anonymous_5)
FNDA:0,(anonymous_6)
FNDA:0,(anonymous_7)
FNDA:0,(anonymous_8)
FNDA:0,(anonymous_9)
FNDA:0,(anonymous_10)
FNDA:0,(anonymous_11)
FNDA:0,(anonymous_12)
DA:8,18
DA:9,18
DA:11,18
DA:13,0
DA:17,0
DA:18,0
DA:19,0
DA:22,0
DA:31,0
DA:33,0
DA:34,0
DA:35,0
DA:38,0
DA:42,0
DA:43,0
DA:44,0
DA:47,0
DA:56,0
DA:58,0
DA:59,0
DA:60,0
DA:63,0
DA:67,0
DA:68,0
DA:69,0
DA:70,0
DA:72,0
DA:81,0
DA:82,0
DA:83,0
DA:84,0
DA:85,0
DA:88,0
DA:92,0
DA:93,0
DA:94,0
DA:95,0
DA:97,0
DA:101,0
DA:169,18
LF:40
LH:4
BRDA:33,0,0,0
BRDA:33,0,1,0
BRDA:58,1,0,0
BRDA:58,1,1,0
BRDA:83,2,0,0
BRDA:83,2,1,0
BRDA:93,3,0,0
BRDA:93,3,1,0
BRDA:104,4,0,0
BRDA:104,4,1,0
BRDA:112,5,0,0
BRDA:112,5,1,0
BRDA:126,6,0,0
BRDA:126,6,1,0
BRDA:126,6,2,0
BRDA:131,7,0,0
BRDA:131,7,1,0
BRDA:131,7,2,0
BRDA:135,8,0,0
BRDA:135,8,1,0
BRDA:135,8,2,0
BRDA:142,9,0,0
BRDA:142,9,1,0
BRDA:142,9,2,0
BRDA:149,10,0,0
BRDA:149,10,1,0
BRDA:149,10,2,0
BRDA:149,10,3,0
BRDA:149,10,4,0
BRDA:155,11,0,0
BRDA:155,11,1,0
BRDA:155,11,2,0
BRDA:155,11,3,0
BRDA:155,11,4,0
BRDA:161,12,0,0
BRDA:161,12,1,0
BRDA:161,12,2,0
BRF:37
BRH:0
end_of_record
TN:
SF:components/DateSelect.tsx
FN:23,(anonymous_0)
FN:39,(anonymous_1)
FN:43,(anonymous_2)
FN:48,(anonymous_3)
FN:54,(anonymous_4)
FN:65,(anonymous_5)
FN:65,(anonymous_6)
FN:71,(anonymous_7)
FN:71,(anonymous_8)
FNF:9
FNH:0
FNDA:0,(anonymous_0)
FNDA:0,(anonymous_1)
FNDA:0,(anonymous_2)
FNDA:0,(anonymous_3)
FNDA:0,(anonymous_4)
FNDA:0,(anonymous_5)
FNDA:0,(anonymous_6)
FNDA:0,(anonymous_7)
FNDA:0,(anonymous_8)
DA:23,18
DA:25,0
DA:26,0
DA:27,0
DA:28,0
DA:30,0
DA:31,0
DA:32,0
DA:33,0
DA:34,0
DA:35,0
DA:39,0
DA:40,0
DA:43,0
DA:44,0
DA:45,0
DA:48,0
DA:49,0
DA:50,0
DA:51,0
DA:54,0
DA:55,0
DA:56,0
DA:57,0
DA:61,0
DA:65,0
DA:71,0
DA:99,18
LF:28
LH:2
BRDA:33,0,0,0
BRDA:33,0,1,0
BRDA:34,1,0,0
BRDA:34,1,1,0
BRDA:55,2,0,0
BRDA:55,2,1,0
BRDA:55,3,0,0
BRDA:55,3,1,0
BRDA:67,4,0,0
BRDA:67,4,1,0
BRDA:72,5,0,0
BRDA:72,5,1,0
BRDA:89,6,0,0
BRDA:89,6,1,0
BRF:14
BRH:0
end_of_record
TN:
SF:components/DogSelect.tsx
FN:17,(anonymous_0)
FN:36,(anonymous_1)
FN:45,(anonymous_2)
FN:54,(anonymous_3)
FN:63,(anonymous_4)
FN:67,(anonymous_5)
FN:68,(anonymous_6)
FN:75,(anonymous_7)
FNF:8
FNH:0
FNDA:0,(anonymous_0)
FNDA:0,(anonymous_1)
FNDA:0,(anonymous_2)
FNDA:0,(anonymous_3)
FNDA:0,(anonymous_4)
FNDA:0,(anonymous_5)
FNDA:0,(anonymous_6)
FNDA:0,(anonymous_7)
DA:17,18
DA:18,0
DA:36,18
DA:37,0
DA:39,0
DA:42,0
DA:43,0
DA:45,0
DA:46,0
DA:47,0
DA:55,0
DA:56,0
DA:57,0
DA:63,0
DA:64,0
DA:67,0
DA:68,0
DA:72,0
DA:75,0
DA:79,18
LF:20
LH:3
BRDA:19,0,0,0
BRDA:19,0,1,0
BRDA:22,1,0,0
BRDA:22,1,1,0
BRDA:46,2,0,0
BRDA:46,2,1,0
BRDA:55,3,0,0
BRDA:55,3,1,0
BRF:8
BRH:0
end_of_record
TN:
SF:components/ExploreFilter.tsx
FN:16,(anonymous_0)
FN:38,(anonymous_1)
FN:51,(anonymous_2)
FN:57,(anonymous_3)
FN:59,(anonymous_4)
FNF:5
FNH:3
FNDA:7,(anonymous_0)
FNDA:0,(anonymous_1)
FNDA:7,(anonymous_2)
FNDA:7,(anonymous_3)
FNDA:0,(anonymous_4)
DA:16,18
DA:17,7
DA:18,7
DA:38,0
DA:51,18
DA:52,7
DA:57,18
DA:58,7
DA:60,0
DA:65,18
LF:10
LH:8
BRF:0
BRH:0
end_of_record
TN:
SF:components/FormInput.tsx
FN:11,(anonymous_0)
FNF:1
FNH:1
FNDA:882,(anonymous_0)
DA:11,18
DA:12,882
DA:26,18
LF:3
LH:3
BRF:0
BRH:0
end_of_record
TN:
SF:components/FormItem.tsx
FN:10,(anonymous_0)
FNF:1
FNH:0
FNDA:0,(anonymous_0)
DA:10,18
DA:11,0
DA:32,18
LF:3
LH:2
BRDA:14,0,0,0
BRDA:14,0,1,0
BRDA:16,1,0,0
BRDA:16,1,1,0
BRF:4
BRH:0
end_of_record
TN:
SF:components/ImageUpload.tsx
FN:49,ImageUploadButton
FN:65,ImageUpload
FN:70,(anonymous_2)
FN:80,(anonymous_3)
FN:81,(anonymous_4)
FN:91,(anonymous_5)
FN:98,DataURIToBlob
FN:110,makeID
FN:121,(anonymous_8)
FN:154,(anonymous_9)
FN:162,(anonymous_10)
FNF:11
FNH:0
FNDA:0,ImageUploadButton
FNDA:0,ImageUpload
FNDA:0,(anonymous_2)
FNDA:0,(anonymous_3)
FNDA:0,(anonymous_4)
FNDA:0,(anonymous_5)
FNDA:0,DataURIToBlob
FNDA:0,makeID
FNDA:0,(anonymous_8)
FNDA:0,(anonymous_9)
FNDA:0,(anonymous_10)
DA:22,18
DA:50,0
DA:51,0
DA:59,0
DA:66,0
DA:67,0
DA:69,0
DA:70,0
DA:71,0
DA:80,0
DA:81,0
DA:82,0
DA:83,0
DA:84,0
DA:85,0
DA:91,0
DA:92,0
DA:93,0
DA:94,0
DA:99,0
DA:100,0
DA:101,0
DA:102,0
DA:103,0
DA:104,0
DA:105,0
DA:107,0
DA:111,0
DA:112,0
DA:113,0
DA:114,0
DA:115,0
DA:118,0
DA:121,0
DA:122,0
DA:131,0
DA:134,0
DA:136,0
DA:137,0
DA:138,0
DA:140,0
DA:141,0
DA:149,0
DA:151,0
DA:155,0
DA:156,0
DA:157,0
DA:159,0
DA:163,0
DA:168,0
LF:50
LH:1
BRDA:50,0,0,0
BRDA:50,0,1,0
BRDA:82,1,0,0
BRDA:82,1,1,0
BRDA:84,2,0,0
BRDA:84,2,1,0
BRDA:93,3,0,0
BRDA:93,3,1,0
BRDA:131,4,0,0
BRDA:131,4,1,0
BRDA:136,5,0,0
BRDA:136,5,1,0
BRDA:173,6,0,0
BRDA:173,6,1,0
BRDA:174,7,0,0
BRDA:174,7,1,0
BRDA:175,8,0,0
BRDA:175,8,1,0
BRDA:179,9,0,0
BRDA:179,9,1,0
BRDA:190,10,0,0
BRDA:190,10,1,0
BRDA:190,10,2,0
BRDA:197,11,0,0
BRDA:197,11,1,0
BRDA:198,12,0,0
BRDA:198,12,1,0
BRDA:199,13,0,0
BRDA:199,13,1,0
BRDA:206,14,0,0
BRDA:206,14,1,0
BRF:31
BRH:0
end_of_record
TN:
SF:components/LeaveFeedback.tsx
FN:6,leaveFeedback
FN:13,(anonymous_1)
FNF:2
FNH:0
FNDA:0,leaveFeedback
FNDA:0,(anonymous_1)
DA:7,0
DA:8,0
DA:11,0
DA:13,0
DA:14,0
DA:17,0
DA:19,0
DA:20,0
DA:21,0
DA:22,0
DA:23,0
DA:24,0
DA:27,0
DA:28,0
DA:29,0
DA:30,0
DA:31,0
DA:35,0
DA:36,0
DA:38,0
LF:20
LH:0
BRDA:17,0,0,0
BRDA:17,0,1,0
BRDA:22,1,0,0
BRDA:22,1,1,0
BRDA:22,2,0,0
BRDA:22,2,1,0
BRDA:29,3,0,0
BRDA:29,3,1,0
BRDA:29,4,0,0
BRDA:29,4,1,0
BRDA:35,5,0,0
BRDA:35,5,1,0
BRF:12
BRH:0
end_of_record
TN:
SF:components/ListingCard.tsx
FN:36,(anonymous_0)
FN:82,(anonymous_1)
FNF:2
FNH:0
FNDA:0,(anonymous_0)
FNDA:0,(anonymous_1)
DA:30,18
DA:31,18
DA:37,0
DA:82,0
DA:102,18
LF:5
LH:3
BRDA:63,0,0,0
BRDA:63,0,1,0
BRDA:77,1,0,0
BRDA:77,1,1,0
BRDA:105,2,0,18
BRDA:105,2,1,0
BRF:6
BRH:1
end_of_record
TN:
SF:components/MessageThread.tsx
FN:23,(anonymous_0)
FNF:1
FNH:0
FNDA:0,(anonymous_0)
DA:9,18
DA:24,0
DA:42,18
LF:3
LH:2
BRDA:31,0,0,0
BRDA:31,0,1,0
BRDA:56,1,0,0
BRDA:56,1,1,18
BRF:4
BRH:1
end_of_record
TN:
SF:components/ScrollViewContainer.tsx
FN:5,ScrollViewContainer
FNF:1
FNH:0
FNDA:0,ScrollViewContainer
DA:6,0
DA:14,18
LF:2
LH:1
BRF:0
BRH:0
end_of_record
TN:
SF:components/SizeSelector.js
FN:7,(anonymous_0)
FN:17,(anonymous_1)
FN:21,(anonymous_2)
FN:23,(anonymous_3)
FN:38,(anonymous_4)
FN:41,(anonymous_5)
FNF:6
FNH:3
FNDA:35,(anonymous_0)
FNDA:7,(anonymous_1)
FNDA:0,(anonymous_2)
FNDA:0,(anonymous_3)
FNDA:35,(anonymous_4)
FNDA:0,(anonymous_5)
DA:7,18
DA:8,35
DA:9,35
DA:17,18
DA:19,7
DA:21,7
DA:22,0
DA:23,0
DA:24,0
DA:25,0
DA:26,0
DA:28,0
DA:29,0
DA:33,0
DA:38,7
DA:39,35
DA:41,0
DA:43,7
DA:46,18
LF:19
LH:10
BRDA:11,0,0,35
BRDA:11,0,1,35
BRDA:12,1,0,35
BRDA:12,1,1,0
BRDA:13,2,0,35
BRDA:13,2,1,0
BRDA:22,3,0,0
BRDA:22,3,1,0
BRDA:24,4,0,0
BRDA:24,4,1,0
BRDA:40,5,0,35
BRDA:40,5,1,0
BRF:12
BRH:5
end_of_record
TN:
SF:components/StatusListing.tsx
FN:5,statusListing
FNF:1
FNH:0
FNDA:0,statusListing
DA:6,0
DA:7,0
DA:9,0
DA:11,0
DA:13,0
DA:14,0
DA:24,0
DA:26,0
DA:27,0
DA:28,0
DA:30,0
DA:31,0
DA:32,0
DA:33,0
DA:34,0
DA:36,0
DA:37,0
DA:41,0
DA:42,0
DA:54,0
DA:55,0
DA:56,0
DA:58,0
DA:59,0
DA:60,0
DA:62,0
DA:63,0
DA:64,0
DA:66,0
DA:67,0
DA:68,0
DA:70,0
DA:71,0
DA:72,0
DA:77,0
LF:35
LH:0
BRDA:11,0,0,0
BRDA:11,0,1,0
BRDA:24,1,0,0
BRDA:24,1,1,0
BRDA:24,2,0,0
BRDA:24,2,1,0
BRDA:28,3,0,0
BRDA:28,3,1,0
BRDA:28,4,0,0
BRDA:28,4,1,0
BRDA:32,5,0,0
BRDA:32,5,1,0
BRDA:32,6,0,0
BRDA:32,6,1,0
BRDA:54,7,0,0
BRDA:54,7,1,0
BRDA:54,8,0,0
BRDA:54,8,1,0
BRDA:54,8,2,0
BRDA:58,9,0,0
BRDA:58,9,1,0
BRDA:58,10,0,0
BRDA:58,10,1,0
BRDA:62,11,0,0
BRDA:62,11,1,0
BRDA:66,12,0,0
BRDA:66,12,1,0
BRDA:66,13,0,0
BRDA:66,13,1,0
BRDA:70,14,0,0
BRDA:70,14,1,0
BRDA:70,15,0,0
BRDA:70,15,1,0
BRF:33
BRH:0
end_of_record
TN:
SF:constants/Colors.ts
FNF:0
FNH:0
DA:1,18
DA:2,18
DA:5,18
DA:6,18
DA:7,18
DA:9,18
DA:10,18
DA:11,18
DA:12,18
DA:13,18
DA:14,18
DA:15,18
DA:16,18
DA:17,18
DA:19,18
DA:20,18
DA:21,18
DA:22,18
DA:23,18
DA:24,18
DA:26,18
DA:28,18
DA:29,18
DA:30,18
DA:31,18
DA:35,18
LF:26
LH:26
BRF:0
BRH:0
end_of_record
TN:
SF:constants/Values.js
FNF:0
FNH:0
DA:1,18
DA:9,18
LF:2
LH:2
BRF:0
BRH:0
end_of_record
TN:
SF:hooks/useCachedResources.ts
FN:6,useCachedResources
FN:10,(anonymous_1)
FN:11,loadResourcesAndDataAsync
FNF:3
FNH:3
FNDA:70,useCachedResources
FNDA:18,(anonymous_1)
FNDA:18,loadResourcesAndDataAsync
DA:7,70
DA:10,70
DA:12,18
DA:13,18
DA:16,18
DA:28,0
DA:30,18
DA:31,18
DA:35,18
DA:38,70
LF:10
LH:9
BRF:0
BRH:0
end_of_record
TN:
SF:hooks/useColorScheme.ts
FN:6,useColorScheme
FNF:1
FNH:1
FNDA:7,useColorScheme
DA:7,7
LF:1
LH:1
BRF:0
BRH:0
end_of_record
TN:
SF:navigation/AuthContext.ts
FN:4,(anonymous_0)
FN:6,(anonymous_1)
FN:8,(anonymous_2)
FN:10,(anonymous_3)
FN:12,(anonymous_4)
FN:14,(anonymous_5)
FN:16,(anonymous_6)
FN:18,(anonymous_7)
FNF:8
FNH:0
FNDA:0,(anonymous_0)
FNDA:0,(anonymous_1)
FNDA:0,(anonymous_2)
FNDA:0,(anonymous_3)
FNDA:0,(anonymous_4)
FNDA:0,(anonymous_5)
FNDA:0,(anonymous_6)
FNDA:0,(anonymous_7)
DA:3,18
LF:1
LH:1
BRF:0
BRH:0
end_of_record
TN:
SF:navigation/BottomTabNavigator.tsx
FN:47,BottomTabNavigator
FN:71,(anonymous_1)
FN:79,(anonymous_2)
FN:87,(anonymous_3)
FN:94,(anonymous_4)
FN:102,(anonymous_5)
FN:112,ExploreNavigator
FN:123,(anonymous_7)
FN:125,(anonymous_8)
FN:197,InboxNavigator
FN:219,BlogNavigator
FN:229,(anonymous_11)
FN:231,(anonymous_12)
FN:263,ListingsNavigator
FN:274,(anonymous_14)
FN:276,(anonymous_15)
FN:315,SettingsNavigator
FN:339,(anonymous_17)
FN:341,(anonymous_18)
FNF:19
FNH:8
FNDA:7,BottomTabNavigator
FNDA:28,(anonymous_1)
FNDA:28,(anonymous_2)
FNDA:28,(anonymous_3)
FNDA:28,(anonymous_4)
FNDA:28,(anonymous_5)
FNDA:7,ExploreNavigator
FNDA:23,(anonymous_7)
FNDA:0,(anonymous_8)
FNDA:0,InboxNavigator
FNDA:0,BlogNavigator
FNDA:0,(anonymous_11)
FNDA:0,(anonymous_12)
FNDA:0,ListingsNavigator
FNDA:0,(anonymous_14)
FNDA:0,(anonymous_15)
FNDA:0,SettingsNavigator
FNDA:0,(anonymous_17)
FNDA:0,(anonymous_18)
DA:45,18
DA:48,7
DA:50,7
DA:71,28
DA:79,28
DA:87,28
DA:94,28
DA:102,28
DA:110,18
DA:113,7
DA:124,23
DA:125,0
DA:145,18
DA:147,18
DA:162,18
DA:182,18
DA:198,0
DA:217,18
DA:220,0
DA:230,0
DA:231,0
DA:261,18
DA:264,0
DA:275,0
DA:276,0
DA:313,18
DA:316,0
DA:340,0
DA:341,0
LF:29
LH:18
BRF:0
BRH:0
end_of_record
TN:
SF:navigation/index.tsx
FN:35,RootNavigator
FNF:1
FNH:1
FNDA:9,RootNavigator
DA:33,18
DA:37,9
LF:2
LH:2
BRF:0
BRH:0
end_of_record
TN:
SF:navigation/AuthStack/AuthStack.tsx
FN:11,(anonymous_0)
FNF:1
FNH:1
FNDA:25,(anonymous_0)
DA:9,18
DA:11,18
DA:12,25
LF:3
LH:3
BRF:0
BRH:0
end_of_record
TN:
SF:redux/store.js
FN:7,toggleFilter
FN:14,pickSizeFilter
FN:22,pickDistanceFilter
FN:36,(anonymous_3)
FNF:4
FNH:1
FNDA:0,toggleFilter
FNDA:0,pickSizeFilter
FNDA:0,pickDistanceFilter
FNDA:18,(anonymous_3)
DA:3,18
DA:4,18
DA:5,18
DA:8,0
DA:15,0
DA:23,0
DA:30,18
DA:36,18
DA:37,18
DA:38,0
DA:42,0
DA:46,0
DA:51,18
DA:55,18
LF:14
LH:8
BRDA:36,0,0,18
BRDA:37,1,0,0
BRDA:37,1,1,0
BRDA:37,1,2,0
BRDA:37,1,3,18
BRF:5
BRH:2
end_of_record
TN:
SF:screens/ListingScreen.tsx
FN:85,(anonymous_0)
FN:103,(anonymous_1)
FN:119,(anonymous_2)
FN:137,(anonymous_3)
FNF:4
FNH:0
FNDA:0,(anonymous_0)
FNDA:0,(anonymous_1)
FNDA:0,(anonymous_2)
FNDA:0,(anonymous_3)
DA:15,18
DA:16,18
DA:17,18
DA:85,18
DA:86,0
DA:87,0
DA:88,0
DA:89,0
DA:90,0
DA:91,0
DA:93,0
DA:94,0
DA:95,0
DA:97,0
DA:98,0
DA:99,0
DA:100,0
DA:103,0
DA:104,0
DA:116,0
DA:119,0
DA:120,0
DA:131,0
DA:132,0
DA:133,0
DA:137,0
DA:138,0
DA:139,0
DA:154,0
DA:155,0
LF:30
LH:4
BRDA:27,0,0,18
BRDA:27,0,1,0
BRDA:97,1,0,0
BRDA:97,1,1,0
BRDA:132,2,0,0
BRDA:132,2,1,0
BRF:6
BRH:1
end_of_record
TN:
SF:screens/LoginScreen.tsx
FN:15,(anonymous_0)
FN:22,(anonymous_1)
FN:25,(anonymous_2)
FN:30,(anonymous_3)
FNF:4
FNH:4
FNDA:79,(anonymous_0)
FNDA:3,(anonymous_1)
FNDA:15,(anonymous_2)
FNDA:6,(anonymous_3)
DA:15,18
DA:16,79
DA:17,79
DA:20,79
DA:22,79
DA:23,3
DA:25,79
DA:26,15
DA:29,79
DA:30,6
DA:82,18
LF:11
LH:11
BRDA:30,0,0,6
BRDA:30,0,1,0
BRF:2
BRH:1
end_of_record
TN:
SF:screens/MessageScreen.js
FN:15,ChatScreen
FN:26,(anonymous_1)
FN:32,(anonymous_2)
FN:35,(anonymous_3)
FN:39,(anonymous_4)
FN:45,(anonymous_5)
FN:55,(anonymous_6)
FN:66,(anonymous_7)
FN:71,(anonymous_8)
FN:89,(anonymous_9)
FN:91,(anonymous_10)
FN:97,(anonymous_11)
FN:115,(anonymous_12)
FN:125,(anonymous_13)
FN:130,(anonymous_14)
FN:145,(anonymous_15)
FN:174,(anonymous_16)
FN:180,(anonymous_17)
FN:195,(anonymous_18)
FN:204,(anonymous_19)
FN:227,(anonymous_20)
FNF:21
FNH:0
FNDA:0,ChatScreen
FNDA:0,(anonymous_1)
FNDA:0,(anonymous_2)
FNDA:0,(anonymous_3)
FNDA:0,(anonymous_4)
FNDA:0,(anonymous_5)
FNDA:0,(anonymous_6)
FNDA:0,(anonymous_7)
FNDA:0,(anonymous_8)
FNDA:0,(anonymous_9)
FNDA:0,(anonymous_10)
FNDA:0,(anonymous_11)
FNDA:0,(anonymous_12)
FNDA:0,(anonymous_13)
FNDA:0,(anonymous_14)
FNDA:0,(anonymous_15)
FNDA:0,(anonymous_16)
FNDA:0,(anonymous_17)
FNDA:0,(anonymous_18)
FNDA:0,(anonymous_19)
FNDA:0,(anonymous_20)
DA:16,0
DA:17,0
DA:18,0
DA:20,0
DA:21,0
DA:22,0
DA:23,0
DA:24,0
DA:26,0
DA:27,0
DA:28,0
DA:29,0
DA:30,0
DA:31,0
DA:32,0
DA:33,0
DA:35,0
DA:39,0
DA:40,0
DA:41,0
DA:42,0
DA:45,0
DA:46,0
DA:47,0
DA:56,0
DA:57,0
DA:58,0
DA:59,0
DA:61,0
DA:63,0
DA:67,0
DA:71,0
DA:72,0
DA:73,0
DA:74,0
DA:75,0
DA:84,0
DA:86,0
DA:89,0
DA:90,0
DA:91,0
DA:92,0
DA:97,0
DA:98,0
DA:101,0
DA:103,0
DA:116,0
DA:117,0
DA:118,0
DA:120,0
DA:122,0
DA:126,0
DA:130,0
DA:131,0
DA:145,0
DA:146,0
DA:174,0
DA:175,0
DA:180,0
DA:182,0
DA:195,0
DA:196,0
DA:199,0
DA:204,0
DA:227,0
DA:267,18
DA:268,18
DA:269,18
LF:68
LH:3
BRDA:29,0,0,0
BRDA:29,0,1,0
BRDA:59,1,0,0
BRDA:59,1,1,0
BRDA:80,2,0,0
BRDA:80,2,1,0
BRDA:89,3,0,0
BRDA:118,4,0,0
BRDA:118,4,1,0
BRF:9
BRH:0
end_of_record
TN:
SF:screens/NotFoundScreen.tsx
FN:7,NotFoundScreen
FN:13,(anonymous_1)
FNF:2
FNH:0
FNDA:0,NotFoundScreen
FNDA:0,(anonymous_1)
DA:10,0
DA:13,0
DA:20,18
LF:3
LH:1
BRF:0
BRH:0
end_of_record
TN:
SF:screens/RegisterScreen.tsx
FN:13,(anonymous_0)
FN:21,(anonymous_1)
FN:24,(anonymous_2)
FN:30,(anonymous_3)
FNF:4
FNH:3
FNDA:181,(anonymous_0)
FNDA:6,(anonymous_1)
FNDA:0,(anonymous_2)
FNDA:24,(anonymous_3)
DA:13,18
DA:14,181
DA:15,181
DA:16,181
DA:17,181
DA:19,181
DA:21,181
DA:22,6
DA:24,181
DA:25,0
DA:28,181
DA:30,24
DA:91,18
LF:13
LH:12
BRDA:30,0,0,24
BRDA:30,0,1,0
BRF:2
BRH:1
end_of_record
TN:
SF:screens/TabExplore.tsx
FN:113,(anonymous_0)
FN:126,getListings
FN:166,getFilteredListings
FN:212,(anonymous_3)
FN:229,TabExplore
FN:240,(anonymous_5)
FN:241,(anonymous_6)
FN:251,(anonymous_7)
FN:252,(anonymous_8)
FN:309,(anonymous_9)
FN:318,renderItem
FNF:11
FNH:8
FNDA:7,(anonymous_0)
FNDA:0,getListings
FNDA:7,getFilteredListings
FNDA:7,(anonymous_3)
FNDA:15,TabExplore
FNDA:7,(anonymous_5)
FNDA:7,(anonymous_6)
FNDA:7,(anonymous_7)
FNDA:7,(anonymous_8)
FNDA:0,(anonymous_9)
FNDA:0,renderItem
DA:21,18
DA:22,18
DA:113,18
DA:114,7
DA:115,7
DA:116,7
DA:117,56
DA:118,42
DA:122,7
DA:128,0
DA:130,0
DA:138,0
DA:142,0
DA:143,0
DA:145,0
DA:146,0
DA:147,0
DA:148,0
DA:151,0
DA:153,0
DA:154,0
DA:158,0
DA:159,0
DA:162,0
DA:163,0
DA:168,7
DA:170,7
DA:179,7
DA:180,7
DA:181,7
DA:182,7
DA:183,7
DA:184,3
DA:185,3
DA:186,3
DA:189,3
DA:190,0
DA:192,0
DA:193,0
DA:197,0
DA:198,0
DA:201,0
DA:204,18
DA:212,18
DA:213,7
DA:214,2
DA:215,2
DA:216,2
DA:219,0
DA:220,0
DA:221,0
DA:223,0
DA:224,0
DA:230,15
DA:231,15
DA:232,15
DA:233,15
DA:234,15
DA:235,15
DA:236,15
DA:239,15
DA:240,15
DA:241,7
DA:242,7
DA:243,2
DA:244,0
DA:246,2
DA:248,7
DA:251,15
DA:252,7
DA:253,7
DA:255,7
DA:256,7
DA:266,7
DA:267,7
DA:269,2
DA:270,2
DA:272,2
DA:273,2
DA:274,2
DA:276,0
DA:281,7
DA:284,15
DA:285,15
DA:286,8
DA:287,7
DA:288,7
DA:289,7
DA:293,15
DA:309,0
DA:320,0
DA:321,0
DA:322,0
DA:323,0
DA:325,0
DA:326,0
DA:328,0
DA:347,18
LF:98
LH:61
BRDA:117,0,0,42
BRDA:117,0,1,14
BRDA:148,1,0,0
BRDA:148,1,1,0
BRDA:148,1,2,0
BRDA:186,2,0,3
BRDA:186,2,1,0
BRDA:186,2,2,0
BRDA:215,3,0,2
BRDA:215,3,1,0
BRDA:243,4,0,0
BRDA:243,4,1,2
BRDA:255,5,0,7
BRDA:255,5,1,0
BRDA:257,6,0,7
BRDA:257,6,1,7
BRDA:258,7,0,7
BRDA:258,7,1,7
BRDA:259,8,0,7
BRDA:259,8,1,0
BRDA:272,9,0,2
BRDA:272,9,1,0
BRDA:285,10,0,8
BRDA:285,10,1,7
BRDA:287,11,0,7
BRDA:287,11,1,0
BRDA:301,12,0,13
BRDA:301,12,1,2
BRF:28
BRH:17
end_of_record
TN:
SF:screens/TabInbox.tsx
FN:27,getUserConvos
FN:63,getConversations
FN:97,TabInbox
FN:108,(anonymous_3)
FN:112,(anonymous_4)
FN:115,(anonymous_5)
FN:127,(anonymous_6)
FN:129,(anonymous_7)
FN:137,(anonymous_8)
FN:141,(anonymous_9)
FN:156,(anonymous_10)
FN:163,(anonymous_11)
FNF:12
FNH:0
FNDA:0,getUserConvos
FNDA:0,getConversations
FNDA:0,TabInbox
FNDA:0,(anonymous_3)
FNDA:0,(anonymous_4)
FNDA:0,(anonymous_5)
FNDA:0,(anonymous_6)
FNDA:0,(anonymous_7)
FNDA:0,(anonymous_8)
FNDA:0,(anonymous_9)
FNDA:0,(anonymous_10)
FNDA:0,(anonymous_11)
DA:29,0
DA:31,0
DA:41,0
DA:43,0
DA:44,0
DA:45,0
DA:48,0
DA:50,0
DA:51,0
DA:55,0
DA:56,0
DA:59,0
DA:60,0
DA:65,0
DA:67,0
DA:77,0
DA:79,0
DA:80,0
DA:81,0
DA:83,0
DA:84,0
DA:86,0
DA:87,0
DA:91,0
DA:92,0
DA:94,0
DA:98,0
DA:99,0
DA:100,0
DA:101,0
DA:102,0
DA:103,0
DA:104,0
DA:105,0
DA:108,0
DA:109,0
DA:112,0
DA:113,0
DA:114,0
DA:115,0
DA:116,0
DA:117,0
DA:118,0
DA:119,0
DA:120,0
DA:121,0
DA:123,0
DA:127,0
DA:128,0
DA:129,0
DA:130,0
DA:131,0
DA:132,0
DA:133,0
DA:134,0
DA:135,0
DA:137,0
DA:141,0
DA:142,0
DA:143,0
DA:146,0
DA:157,0
DA:158,0
DA:163,0
DA:182,18
LF:65
LH:1
BRDA:45,0,0,0
BRDA:45,0,1,0
BRDA:45,0,2,0
BRDA:81,1,0,0
BRDA:81,1,1,0
BRDA:81,1,2,0
BRDA:113,2,0,0
BRDA:113,2,1,0
BRDA:118,3,0,0
BRDA:118,3,1,0
BRDA:118,4,0,0
BRDA:118,4,1,0
BRDA:120,5,0,0
BRDA:120,5,1,0
BRDA:132,6,0,0
BRDA:132,6,1,0
BRDA:132,7,0,0
BRDA:132,7,1,0
BRDA:134,8,0,0
BRDA:134,8,1,0
BRDA:143,9,0,0
BRDA:143,9,1,0
BRDA:156,10,0,0
BRDA:156,10,1,0
BRDA:157,11,0,0
BRDA:157,11,1,0
BRDA:157,12,0,0
BRDA:157,12,1,0
BRDA:159,13,0,0
BRDA:159,13,1,0
BRF:30
BRH:0
end_of_record
TN:
SF:screens/Blog/BlogPostScreen.tsx
FN:48,moderate
FN:65,deletePost
FN:80,(anonymous_2)
FN:85,(anonymous_3)
FN:90,(anonymous_4)
FN:111,(anonymous_5)
FN:117,(anonymous_6)
FNF:7
FNH:0
FNDA:0,moderate
FNDA:0,deletePost
FNDA:0,(anonymous_2)
FNDA:0,(anonymous_3)
FNDA:0,(anonymous_4)
FNDA:0,(anonymous_5)
FNDA:0,(anonymous_6)
DA:11,18
DA:12,18
DA:13,18
DA:49,0
DA:50,0
DA:61,0
DA:62,0
DA:66,0
DA:67,0
DA:75,0
DA:76,0
DA:80,18
DA:81,0
DA:82,0
DA:83,0
DA:85,0
DA:86,0
DA:87,0
DA:90,0
DA:91,0
DA:92,0
DA:93,0
DA:96,0
DA:111,0
DA:117,0
LF:25
LH:4
BRDA:19,0,0,18
BRDA:19,0,1,0
BRDA:105,1,0,0
BRDA:105,1,1,0
BRDA:105,1,2,0
BRDA:121,2,0,0
BRDA:121,2,1,0
BRF:7
BRH:1
end_of_record
TN:
SF:screens/Blog/NewBlogPostScreen.tsx
FN:20,postBlog
FN:68,NewBlogPostScreen
FN:77,(anonymous_2)
FN:82,(anonymous_3)
FN:83,(anonymous_4)
FNF:5
FNH:0
FNDA:0,postBlog
FNDA:0,NewBlogPostScreen
FNDA:0,(anonymous_2)
FNDA:0,(anonymous_3)
FNDA:0,(anonymous_4)
DA:22,0
DA:23,0
DA:37,0
DA:42,0
DA:43,0
DA:44,0
DA:45,0
DA:48,0
DA:49,0
DA:50,0
DA:52,0
DA:53,0
DA:55,0
DA:56,0
DA:60,0
DA:61,0
DA:64,0
DA:65,0
DA:69,0
DA:71,0
DA:72,0
DA:73,0
DA:75,0
DA:77,0
DA:78,0
DA:79,0
DA:82,0
DA:83,0
DA:84,0
DA:85,0
DA:86,0
DA:93,0
LF:32
LH:0
BRDA:45,0,0,0
BRDA:45,0,1,0
BRDA:45,0,2,0
BRDA:45,0,3,0
BRDA:84,1,0,0
BRDA:84,1,1,0
BRF:6
BRH:0
end_of_record
TN:
SF:screens/Blog/TabBlog.tsx
FN:12,TabBlog
FN:17,(anonymous_1)
FN:23,(anonymous_2)
FN:42,(anonymous_3)
FN:54,(anonymous_4)
FN:75,(anonymous_5)
FNF:6
FNH:0
FNDA:0,TabBlog
FNDA:0,(anonymous_1)
FNDA:0,(anonymous_2)
FNDA:0,(anonymous_3)
FNDA:0,(anonymous_4)
FNDA:0,(anonymous_5)
DA:13,0
DA:14,0
DA:15,0
DA:17,0
DA:18,0
DA:19,0
DA:23,0
DA:24,0
DA:25,0
DA:43,0
DA:44,0
DA:45,0
DA:46,0
DA:48,0
DA:49,0
DA:54,0
DA:55,0
DA:69,0
DA:75,0
DA:81,18
LF:20
LH:1
BRDA:18,0,0,0
BRDA:18,0,1,0
BRDA:45,1,0,0
BRDA:45,1,1,0
BRDA:48,2,0,0
BRDA:48,2,1,0
BRF:6
BRH:0
end_of_record
TN:
SF:screens/Listings/Applied.js
FN:15,Applied
FN:21,(anonymous_1)
FN:27,(anonymous_2)
FN:35,(anonymous_3)
FN:45,renderItem
FN:96,(anonymous_5)
FNF:6
FNH:0
FNDA:0,Applied
FNDA:0,(anonymous_1)
FNDA:0,(anonymous_2)
FNDA:0,(anonymous_3)
FNDA:0,renderItem
FNDA:0,(anonymous_5)
DA:16,0
DA:17,0
DA:19,0
DA:21,0
DA:22,0
DA:23,0
DA:27,0
DA:28,0
DA:36,0
DA:37,0
DA:38,0
DA:46,0
DA:47,0
DA:48,0
DA:57,0
DA:58,0
DA:59,0
DA:61,0
DA:62,0
DA:75,0
DA:91,0
DA:96,0
DA:103,18
LF:23
LH:1
BRDA:22,0,0,0
BRDA:22,0,1,0
BRDA:36,1,0,0
BRDA:36,1,1,0
BRF:4
BRH:0
end_of_record
TN:
SF:screens/Listings/LeaveFeedbackScreen.tsx
FN:12,LeaveFeedbackScreen
FN:21,(anonymous_1)
FN:32,(anonymous_2)
FN:37,(anonymous_3)
FN:70,(anonymous_4)
FNF:5
FNH:0
FNDA:0,LeaveFeedbackScreen
FNDA:0,(anonymous_1)
FNDA:0,(anonymous_2)
FNDA:0,(anonymous_3)
FNDA:0,(anonymous_4)
DA:10,18
DA:13,0
DA:14,0
DA:15,0
DA:16,0
DA:21,0
DA:22,0
DA:23,0
DA:24,0
DA:25,0
DA:33,0
DA:34,0
DA:38,0
DA:43,0
DA:70,0
DA:86,18
LF:16
LH:2
BRDA:22,0,0,0
BRDA:22,0,1,0
BRDA:33,1,0,0
BRDA:33,1,1,0
BRDA:76,2,0,0
BRDA:76,2,1,0
BRDA:100,3,0,0
BRDA:100,3,1,18
BRDA:106,4,0,0
BRDA:106,4,1,18
BRF:10
BRH:2
end_of_record
TN:
SF:screens/Listings/MyListings.js
FN:14,MyListings
FN:18,(anonymous_1)
FN:24,(anonymous_2)
FN:32,(anonymous_3)
FN:41,renderItem
FN:76,(anonymous_5)
FN:87,(anonymous_6)
FNF:7
FNH:0
FNDA:0,MyListings
FNDA:0,(anonymous_1)
FNDA:0,(anonymous_2)
FNDA:0,(anonymous_3)
FNDA:0,renderItem
FNDA:0,(anonymous_5)
FNDA:0,(anonymous_6)
DA:15,0
DA:16,0
DA:18,0
DA:19,0
DA:20,0
DA:24,0
DA:25,0
DA:33,0
DA:34,0
DA:35,0
DA:42,0
DA:51,0
DA:52,0
DA:53,0
DA:55,0
DA:56,0
DA:66,0
DA:76,0
DA:82,0
DA:87,0
DA:93,18
LF:21
LH:1
BRDA:19,0,0,0
BRDA:19,0,1,0
BRDA:33,1,0,0
BRDA:33,1,1,0
BRF:4
BRH:0
end_of_record
TN:
SF:screens/Listings/NewListingScreen.tsx
FN:29,(anonymous_0)
FN:40,(anonymous_1)
FN:53,(anonymous_2)
FN:57,NewListingScreen
FN:68,(anonymous_4)
FN:82,(anonymous_5)
FN:83,(anonymous_6)
FN:95,(anonymous_7)
FN:99,(anonymous_8)
FN:109,(anonymous_9)
FNF:10
FNH:0
FNDA:0,(anonymous_0)
FNDA:0,(anonymous_1)
FNDA:0,(anonymous_2)
FNDA:0,NewListingScreen
FNDA:0,(anonymous_4)
FNDA:0,(anonymous_5)
FNDA:0,(anonymous_6)
FNDA:0,(anonymous_7)
FNDA:0,(anonymous_8)
FNDA:0,(anonymous_9)
DA:29,18
DA:30,0
DA:31,0
DA:32,0
DA:41,0
DA:42,0
DA:43,0
DA:44,0
DA:46,0
DA:47,0
DA:49,0
DA:51,0
DA:54,0
DA:59,0
DA:60,0
DA:61,0
DA:62,0
DA:63,0
DA:64,0
DA:66,0
DA:68,0
DA:69,0
DA:78,0
DA:79,0
DA:82,0
DA:83,0
DA:84,0
DA:85,0
DA:86,0
DA:88,0
DA:89,0
DA:93,0
DA:95,0
DA:99,0
DA:109,0
LF:35
LH:1
BRDA:44,0,0,0
BRDA:44,0,1,0
BRDA:85,1,0,0
BRDA:85,1,1,0
BRF:4
BRH:0
end_of_record
TN:
SF:screens/Listings/TabListings.js
FN:13,TabListings
FN:24,(anonymous_1)
FN:25,(anonymous_2)
FNF:3
FNH:0
FNDA:0,TabListings
FNDA:0,(anonymous_1)
FNDA:0,(anonymous_2)
DA:11,18
DA:14,0
DA:15,0
DA:16,0
DA:24,0
DA:25,0
LF:6
LH:1
BRF:0
BRH:0
end_of_record
TN:
SF:screens/Settings/BecomeAReporterScreen.tsx
FN:40,BecomeAReporterScreen
FN:43,(anonymous_1)
FN:51,(anonymous_2)
FN:53,(anonymous_3)
FN:59,(anonymous_4)
FN:79,(anonymous_5)
FNF:6
FNH:0
FNDA:0,BecomeAReporterScreen
FNDA:0,(anonymous_1)
FNDA:0,(anonymous_2)
FNDA:0,(anonymous_3)
FNDA:0,(anonymous_4)
FNDA:0,(anonymous_5)
DA:11,18
DA:12,18
DA:13,18
DA:29,18
DA:41,0
DA:43,0
DA:44,0
DA:45,0
DA:52,0
DA:53,0
DA:54,0
DA:55,0
DA:60,0
DA:65,0
DA:79,0
LF:15
LH:4
BRDA:52,0,0,0
BRDA:52,0,1,0
BRF:2
BRH:0
end_of_record
TN:
SF:screens/Settings/EditDogScreen.tsx
FN:15,onPressUpdate
FN:33,(anonymous_1)
FN:49,(anonymous_2)
FN:63,EditDogScreen
FN:69,(anonymous_4)
FN:74,(anonymous_5)
FN:80,(anonymous_6)
FN:87,(anonymous_7)
FN:89,(anonymous_8)
FN:99,(anonymous_9)
FNF:10
FNH:0
FNDA:0,onPressUpdate
FNDA:0,(anonymous_1)
FNDA:0,(anonymous_2)
FNDA:0,EditDogScreen
FNDA:0,(anonymous_4)
FNDA:0,(anonymous_5)
FNDA:0,(anonymous_6)
FNDA:0,(anonymous_7)
FNDA:0,(anonymous_8)
FNDA:0,(anonymous_9)
DA:16,0
DA:18,0
DA:19,0
DA:21,0
DA:22,0
DA:23,0
DA:25,0
DA:34,0
DA:35,0
DA:36,0
DA:39,0
DA:40,0
DA:42,0
DA:43,0
DA:47,0
DA:50,0
DA:64,0
DA:65,0
DA:66,0
DA:67,0
DA:69,0
DA:70,0
DA:71,0
DA:74,0
DA:75,0
DA:76,0
DA:77,0
DA:80,0
DA:81,0
DA:84,0
DA:87,0
DA:89,0
DA:99,0
LF:33
LH:0
BRDA:19,0,0,0
BRDA:19,0,1,0
BRDA:21,1,0,0
BRDA:21,1,1,0
BRDA:22,2,0,0
BRDA:22,2,1,0
BRDA:23,3,0,0
BRDA:23,3,1,0
BRDA:36,4,0,0
BRDA:36,4,1,0
BRDA:36,4,2,0
BRF:11
BRH:0
end_of_record
TN:
SF:screens/Settings/EditProfileScreen.tsx
FN:21,(anonymous_0)
FN:34,EditProfileScreen
FN:43,(anonymous_2)
FN:52,(anonymous_3)
FN:64,(anonymous_4)
FN:83,(anonymous_5)
FN:85,(anonymous_6)
FN:88,(anonymous_7)
FNF:8
FNH:0
FNDA:0,(anonymous_0)
FNDA:0,EditProfileScreen
FNDA:0,(anonymous_2)
FNDA:0,(anonymous_3)
FNDA:0,(anonymous_4)
FNDA:0,(anonymous_5)
FNDA:0,(anonymous_6)
FNDA:0,(anonymous_7)
DA:21,18
DA:22,0
DA:23,0
DA:35,0
DA:36,0
DA:37,0
DA:38,0
DA:39,0
DA:40,0
DA:41,0
DA:43,0
DA:44,0
DA:45,0
DA:53,0
DA:54,0
DA:55,0
DA:56,0
DA:57,0
DA:58,0
DA:59,0
DA:64,0
DA:65,0
DA:71,0
DA:72,0
DA:76,0
DA:83,0
DA:85,0
DA:88,0
LF:28
LH:1
BRDA:44,0,0,0
BRDA:44,0,1,0
BRF:2
BRH:0
end_of_record
TN:
SF:screens/Settings/MyDogsScreen.tsx
FN:88,MyDogsScreen
FN:95,(anonymous_1)
FN:100,(anonymous_2)
FN:109,(anonymous_3)
FN:124,(anonymous_4)
FN:132,MiniDogCard
FN:148,(anonymous_6)
FNF:7
FNH:0
FNDA:0,MyDogsScreen
FNDA:0,(anonymous_1)
FNDA:0,(anonymous_2)
FNDA:0,(anonymous_3)
FNDA:0,(anonymous_4)
FNDA:0,MiniDogCard
FNDA:0,(anonymous_6)
DA:20,18
DA:21,18
DA:22,18
DA:89,0
DA:90,0
DA:91,0
DA:93,0
DA:95,0
DA:96,0
DA:100,0
DA:101,0
DA:102,0
DA:110,0
DA:111,0
DA:112,0
DA:118,0
DA:124,0
DA:133,0
DA:148,0
LF:19
LH:3
BRDA:101,0,0,0
BRDA:101,0,1,0
BRDA:110,1,0,0
BRDA:110,1,1,0
BRF:4
BRH:0
end_of_record
TN:
SF:screens/Settings/NewDogScreen.tsx
FN:14,onPressAdd
FN:36,(anonymous_1)
FN:54,(anonymous_2)
FN:67,NewDogScreen
FN:79,(anonymous_4)
FN:83,(anonymous_5)
FN:91,(anonymous_6)
FN:93,(anonymous_7)
FN:102,(anonymous_8)
FNF:9
FNH:0
FNDA:0,onPressAdd
FNDA:0,(anonymous_1)
FNDA:0,(anonymous_2)
FNDA:0,NewDogScreen
FNDA:0,(anonymous_4)
FNDA:0,(anonymous_5)
FNDA:0,(anonymous_6)
FNDA:0,(anonymous_7)
FNDA:0,(anonymous_8)
DA:15,0
DA:17,0
DA:18,0
DA:20,0
DA:21,0
DA:22,0
DA:28,0
DA:37,0
DA:38,0
DA:39,0
DA:40,0
DA:43,0
DA:44,0
DA:48,0
DA:52,0
DA:55,0
DA:68,0
DA:70,0
DA:77,0
DA:79,0
DA:80,0
DA:83,0
DA:84,0
DA:85,0
DA:88,0
DA:91,0
DA:93,0
DA:102,0
LF:28
LH:0
BRDA:18,0,0,0
BRDA:18,0,1,0
BRDA:20,1,0,0
BRDA:20,1,1,0
BRDA:21,2,0,0
BRDA:21,2,1,0
BRDA:22,3,0,0
BRDA:22,3,1,0
BRDA:40,4,0,0
BRDA:40,4,1,0
BRDA:40,4,2,0
BRF:11
BRH:0
end_of_record
TN:
SF:screens/Settings/TabSettings.tsx
FN:15,(anonymous_0)
FN:33,TabSettings
FN:41,(anonymous_2)
FN:50,(anonymous_3)
FN:65,(anonymous_4)
FN:71,(anonymous_5)
FN:78,(anonymous_6)
FN:84,(anonymous_7)
FNF:8
FNH:0
FNDA:0,(anonymous_0)
FNDA:0,TabSettings
FNDA:0,(anonymous_2)
FNDA:0,(anonymous_3)
FNDA:0,(anonymous_4)
FNDA:0,(anonymous_5)
FNDA:0,(anonymous_6)
FNDA:0,(anonymous_7)
DA:15,18
DA:16,0
DA:34,0
DA:36,0
DA:37,0
DA:38,0
DA:39,0
DA:41,0
DA:42,0
DA:43,0
DA:51,0
DA:52,0
DA:53,0
DA:57,0
DA:65,0
DA:71,0
DA:78,0
DA:84,0
DA:106,18
LF:19
LH:2
BRDA:18,0,0,0
BRDA:18,0,1,0
BRDA:26,1,0,0
BRDA:26,1,1,0
BRDA:42,2,0,0
BRDA:42,2,1,0
BRDA:73,3,0,0
BRDA:73,3,1,0
BRF:8
BRH:0
end_of_record
