{
  "/app/hooks/useCachedResources.ts": {
    "path": "/e2e/hooks/useCachedResources.ts",
    "statementMap": {
      "0": {
        "start": {
          "line": 7,
          "column": 50
        },
        "end": {
          "line": 7,
          "column": 71
        }
      },
      "1": {
        "start": {
          "line": 10,
          "column": 2
        },
        "end": {
          "line": 36,
          "column": 9
        }
      },
      "2": {
        "start": {
          "line": 12,
          "column": 6
        },
        "end": {
          "line": 32,
          "column": 7
        }
      },
      "3": {
        "start": {
          "line": 13,
          "column": 8
        },
        "end": {
          "line": 13,
          "column": 44
        }
      },
      "4": {
        "start": {
          "line": 16,
          "column": 8
        },
        "end": {
          "line": 25,
          "column": 11
        }
      },
      "5": {
        "start": {
          "line": 28,
          "column": 8
        },
        "end": {
          "line": 28,
          "column": 24
        }
      },
      "6": {
        "start": {
          "line": 30,
          "column": 8
        },
        "end": {
          "line": 30,
          "column": 33
        }
      },
      "7": {
        "start": {
          "line": 31,
          "column": 8
        },
        "end": {
          "line": 31,
          "column": 33
        }
      },
      "8": {
        "start": {
          "line": 35,
          "column": 4
        },
        "end": {
          "line": 35,
          "column": 32
        }
      },
      "9": {
        "start": {
          "line": 38,
          "column": 2
        },
        "end": {
          "line": 38,
          "column": 27
        }
      }
    },
    "fnMap": {
      "0": {
        "name": "useCachedResources",
        "decl": {
          "start": {
            "line": 6,
            "column": 24
          },
          "end": {
            "line": 6,
            "column": 42
          }
        },
        "loc": {
          "start": {
            "line": 6,
            "column": 45
          },
          "end": {
            "line": 39,
            "column": 1
          }
        },
        "line": 6
      },
      "1": {
        "name": "(anonymous_1)",
        "decl": {
          "start": {
            "line": 10,
            "column": 18
          },
          "end": {
            "line": 10,
            "column": 19
          }
        },
        "loc": {
          "start": {
            "line": 10,
            "column": 24
          },
          "end": {
            "line": 36,
            "column": 3
          }
        },
        "line": 10
      },
      "2": {
        "name": "loadResourcesAndDataAsync",
        "decl": {
          "start": {
            "line": 11,
            "column": 19
          },
          "end": {
            "line": 11,
            "column": 44
          }
        },
        "loc": {
          "start": {
            "line": 11,
            "column": 47
          },
          "end": {
            "line": 33,
            "column": 5
          }
        },
        "line": 11
      }
    },
    "branchMap": {},
    "s": {
      "0": 70,
      "1": 70,
      "2": 18,
      "3": 18,
      "4": 18,
      "5": 0,
      "6": 18,
      "7": 18,
      "8": 18,
      "9": 70
    },
    "f": {
      "0": 70,
      "1": 18,
      "2": 18
    },
    "b": {},
    "_coverageSchema": "1a1c01bbd47fc00a2c39e90264f33305004495a9",
    "hash": "ddfee2640b1497464ad850a240d89ed5670d2092"
  },
  "/app/screens/NotFoundScreen.tsx": {
    "path": "/e2e/screens/NotFoundScreen.tsx",
    "statementMap": {
      "0": {
        "start": {
          "line": 10,
          "column": 2
        },
        "end": {
          "line": 17,
          "column": 4
        }
      },
      "1": {
        "start": {
          "line": 13,
          "column": 39
        },
        "end": {
          "line": 13,
          "column": 65
        }
      },
      "2": {
        "start": {
          "line": 20,
          "column": 15
        },
        "end": {
          "line": 40,
          "column": 2
        }
      }
    },
    "fnMap": {
      "0": {
        "name": "NotFoundScreen",
        "decl": {
          "start": {
            "line": 7,
            "column": 24
          },
          "end": {
            "line": 7,
            "column": 38
          }
        },
        "loc": {
          "start": {
            "line": 9,
            "column": 53
          },
          "end": {
            "line": 18,
            "column": 1
          }
        },
        "line": 9
      },
      "1": {
        "name": "(anonymous_1)",
        "decl": {
          "start": {
            "line": 13,
            "column": 33
          },
          "end": {
            "line": 13,
            "column": 34
          }
        },
        "loc": {
          "start": {
            "line": 13,
            "column": 39
          },
          "end": {
            "line": 13,
            "column": 65
          }
        },
        "line": 13
      }
    },
    "branchMap": {},
    "s": {
      "0": 0,
      "1": 0,
      "2": 18
    },
    "f": {
      "0": 0,
      "1": 0
    },
    "b": {},
    "_coverageSchema": "1a1c01bbd47fc00a2c39e90264f33305004495a9",
    "hash": "f9467dac58ad0cf5e287d8ae626d471e0be6c91f"
  },
  "/app/constants/Colors.ts": {
    "path": "/e2e/constants/Colors.ts",
    "statementMap": {
      "0": {
        "start": {
          "line": 1,
          "column": 30
        },
        "end": {
          "line": 1,
          "column": 39
        }
      },
      "1": {
        "start": {
          "line": 2,
          "column": 29
        },
        "end": {
          "line": 2,
          "column": 35
        }
      },
      "2": {
        "start": {
          "line": 5,
          "column": 23
        },
        "end": {
          "line": 5,
          "column": 32
        }
      },
      "3": {
        "start": {
          "line": 6,
          "column": 28
        },
        "end": {
          "line": 6,
          "column": 37
        }
      },
      "4": {
        "start": {
          "line": 7,
          "column": 30
        },
        "end": {
          "line": 7,
          "column": 39
        }
      },
      "5": {
        "start": {
          "line": 9,
          "column": 23
        },
        "end": {
          "line": 9,
          "column": 32
        }
      },
      "6": {
        "start": {
          "line": 10,
          "column": 20
        },
        "end": {
          "line": 10,
          "column": 29
        }
      },
      "7": {
        "start": {
          "line": 11,
          "column": 22
        },
        "end": {
          "line": 11,
          "column": 31
        }
      },
      "8": {
        "start": {
          "line": 12,
          "column": 22
        },
        "end": {
          "line": 12,
          "column": 31
        }
      },
      "9": {
        "start": {
          "line": 13,
          "column": 22
        },
        "end": {
          "line": 13,
          "column": 31
        }
      },
      "10": {
        "start": {
          "line": 14,
          "column": 22
        },
        "end": {
          "line": 14,
          "column": 31
        }
      },
      "11": {
        "start": {
          "line": 15,
          "column": 25
        },
        "end": {
          "line": 15,
          "column": 34
        }
      },
      "12": {
        "start": {
          "line": 16,
          "column": 26
        },
        "end": {
          "line": 16,
          "column": 35
        }
      },
      "13": {
        "start": {
          "line": 17,
          "column": 29
        },
        "end": {
          "line": 17,
          "column": 38
        }
      },
      "14": {
        "start": {
          "line": 19,
          "column": 22
        },
        "end": {
          "line": 19,
          "column": 31
        }
      },
      "15": {
        "start": {
          "line": 20,
          "column": 21
        },
        "end": {
          "line": 20,
          "column": 30
        }
      },
      "16": {
        "start": {
          "line": 21,
          "column": 19
        },
        "end": {
          "line": 21,
          "column": 28
        }
      },
      "17": {
        "start": {
          "line": 22,
          "column": 20
        },
        "end": {
          "line": 22,
          "column": 29
        }
      },
      "18": {
        "start": {
          "line": 23,
          "column": 22
        },
        "end": {
          "line": 23,
          "column": 31
        }
      },
      "19": {
        "start": {
          "line": 24,
          "column": 20
        },
        "end": {
          "line": 24,
          "column": 29
        }
      },
      "20": {
        "start": {
          "line": 26,
          "column": 29
        },
        "end": {
          "line": 26,
          "column": 38
        }
      },
      "21": {
        "start": {
          "line": 28,
          "column": 24
        },
        "end": {
          "line": 28,
          "column": 30
        }
      },
      "22": {
        "start": {
          "line": 29,
          "column": 30
        },
        "end": {
          "line": 29,
          "column": 37
        }
      },
      "23": {
        "start": {
          "line": 30,
          "column": 29
        },
        "end": {
          "line": 30,
          "column": 35
        }
      },
      "24": {
        "start": {
          "line": 31,
          "column": 25
        },
        "end": {
          "line": 31,
          "column": 34
        }
      },
      "25": {
        "start": {
          "line": 35,
          "column": 26
        },
        "end": {
          "line": 43,
          "column": 3
        }
      }
    },
    "fnMap": {},
    "branchMap": {},
    "s": {
      "0": 18,
      "1": 18,
      "2": 18,
      "3": 18,
      "4": 18,
      "5": 18,
      "6": 18,
      "7": 18,
      "8": 18,
      "9": 18,
      "10": 18,
      "11": 18,
      "12": 18,
      "13": 18,
      "14": 18,
      "15": 18,
      "16": 18,
      "17": 18,
      "18": 18,
      "19": 18,
      "20": 18,
      "21": 18,
      "22": 18,
      "23": 18,
      "24": 18,
      "25": 18
    },
    "f": {},
    "b": {},
    "_coverageSchema": "1a1c01bbd47fc00a2c39e90264f33305004495a9",
    "hash": "66faeed21e2ee01f6d13220a9935bf1884765558"
  },
  "/app/hooks/useColorScheme.ts": {
    "path": "/e2e/hooks/useColorScheme.ts",
    "statementMap": {
      "0": {
        "start": {
          "line": 7,
          "column": 2
        },
        "end": {
          "line": 7,
          "column": 59
        }
      }
    },
    "fnMap": {
      "0": {
        "name": "useColorScheme",
        "decl": {
          "start": {
            "line": 6,
            "column": 24
          },
          "end": {
            "line": 6,
            "column": 38
          }
        },
        "loc": {
          "start": {
            "line": 6,
            "column": 71
          },
          "end": {
            "line": 8,
            "column": 1
          }
        },
        "line": 6
      }
    },
    "branchMap": {},
    "s": {
      "0": 7
    },
    "f": {
      "0": 7
    },
    "b": {},
    "_coverageSchema": "1a1c01bbd47fc00a2c39e90264f33305004495a9",
    "hash": "95b84495485d9e8c819a5bf5cd91e4e6bd042d56"
  },
  "/app/navigation/AuthContext.ts": {
    "path": "/e2e/navigation/AuthContext.ts",
    "statementMap": {
      "0": {
        "start": {
          "line": 3,
          "column": 20
        },
        "end": {
          "line": 20,
          "column": 2
        }
      }
    },
    "fnMap": {
      "0": {
        "name": "(anonymous_0)",
        "decl": {
          "start": {
            "line": 4,
            "column": 12
          },
          "end": {
            "line": 4,
            "column": 13
          }
        },
        "loc": {
          "start": {
            "line": 4,
            "column": 47
          },
          "end": {
            "line": 5,
            "column": 5
          }
        },
        "line": 4
      },
      "1": {
        "name": "(anonymous_1)",
        "decl": {
          "start": {
            "line": 6,
            "column": 12
          },
          "end": {
            "line": 6,
            "column": 13
          }
        },
        "loc": {
          "start": {
            "line": 6,
            "column": 71
          },
          "end": {
            "line": 7,
            "column": 5
          }
        },
        "line": 6
      },
      "2": {
        "name": "(anonymous_2)",
        "decl": {
          "start": {
            "line": 8,
            "column": 13
          },
          "end": {
            "line": 8,
            "column": 14
          }
        },
        "loc": {
          "start": {
            "line": 8,
            "column": 19
          },
          "end": {
            "line": 9,
            "column": 5
          }
        },
        "line": 8
      },
      "3": {
        "name": "(anonymous_3)",
        "decl": {
          "start": {
            "line": 10,
            "column": 12
          },
          "end": {
            "line": 10,
            "column": 13
          }
        },
        "loc": {
          "start": {
            "line": 10,
            "column": 18
          },
          "end": {
            "line": 11,
            "column": 5
          }
        },
        "line": 10
      },
      "4": {
        "name": "(anonymous_4)",
        "decl": {
          "start": {
            "line": 12,
            "column": 14
          },
          "end": {
            "line": 12,
            "column": 15
          }
        },
        "loc": {
          "start": {
            "line": 12,
            "column": 26
          },
          "end": {
            "line": 13,
            "column": 5
          }
        },
        "line": 12
      },
      "5": {
        "name": "(anonymous_5)",
        "decl": {
          "start": {
            "line": 14,
            "column": 13
          },
          "end": {
            "line": 14,
            "column": 14
          }
        },
        "loc": {
          "start": {
            "line": 14,
            "column": 28
          },
          "end": {
            "line": 15,
            "column": 5
          }
        },
        "line": 14
      },
      "6": {
        "name": "(anonymous_6)",
        "decl": {
          "start": {
            "line": 16,
            "column": 17
          },
          "end": {
            "line": 16,
            "column": 18
          }
        },
        "loc": {
          "start": {
            "line": 16,
            "column": 32
          },
          "end": {
            "line": 17,
            "column": 5
          }
        },
        "line": 16
      },
      "7": {
        "name": "(anonymous_7)",
        "decl": {
          "start": {
            "line": 18,
            "column": 16
          },
          "end": {
            "line": 18,
            "column": 17
          }
        },
        "loc": {
          "start": {
            "line": 18,
            "column": 31
          },
          "end": {
            "line": 19,
            "column": 5
          }
        },
        "line": 18
      }
    },
    "branchMap": {},
    "s": {
      "0": 18
    },
    "f": {
      "0": 0,
      "1": 0,
      "2": 0,
      "3": 0,
      "4": 0,
      "5": 0,
      "6": 0,
      "7": 0
    },
    "b": {},
    "_coverageSchema": "1a1c01bbd47fc00a2c39e90264f33305004495a9",
    "hash": "02c193bf6dbafe108e728812711954f09ff89dc6"
  },
  "/app/localConstants.js": {
    "path": "/e2e/localConstants.js",
    "statementMap": {
      "0": {
        "start": {
          "line": 1,
          "column": 28
        },
        "end": {
          "line": 1,
          "column": 50
        }
      }
    },
    "fnMap": {},
    "branchMap": {},
    "s": {
      "0": 18
    },
    "f": {},
    "b": {},
    "_coverageSchema": "1a1c01bbd47fc00a2c39e90264f33305004495a9",
    "hash": "1982ff89b414025de4eb08a3df838ce90f0346e4"
  },
  "/app/components/Card.tsx": {
    "path": "/e2e/components/Card.tsx",
    "statementMap": {
      "0": {
        "start": {
          "line": 22,
          "column": 19
        },
        "end": {
          "line": 22,
          "column": 43
        }
      },
      "1": {
        "start": {
          "line": 23,
          "column": 17
        },
        "end": {
          "line": 23,
          "column": 40
        }
      },
      "2": {
        "start": {
          "line": 25,
          "column": 22
        },
        "end": {
          "line": 37,
          "column": 1
        }
      },
      "3": {
        "start": {
          "line": 26,
          "column": 2
        },
        "end": {
          "line": 26,
          "column": 42
        }
      },
      "4": {
        "start": {
          "line": 27,
          "column": 2
        },
        "end": {
          "line": 36,
          "column": 5
        }
      },
      "5": {
        "start": {
          "line": 39,
          "column": 13
        },
        "end": {
          "line": 100,
          "column": 1
        }
      },
      "6": {
        "start": {
          "line": 40,
          "column": 21
        },
        "end": {
          "line": 40,
          "column": 36
        }
      },
      "7": {
        "start": {
          "line": 41,
          "column": 28
        },
        "end": {
          "line": 41,
          "column": 51
        }
      },
      "8": {
        "start": {
          "line": 57,
          "column": 6
        },
        "end": {
          "line": 57,
          "column": 11
        }
      },
      "9": {
        "start": {
          "line": 58,
          "column": 2
        },
        "end": {
          "line": 99,
          "column": 4
        }
      },
      "10": {
        "start": {
          "line": 89,
          "column": 27
        },
        "end": {
          "line": 89,
          "column": 67
        }
      },
      "11": {
        "start": {
          "line": 95,
          "column": 86
        },
        "end": {
          "line": 95,
          "column": 119
        }
      },
      "12": {
        "start": {
          "line": 101,
          "column": 15
        },
        "end": {
          "line": 193,
          "column": 2
        }
      }
    },
    "fnMap": {
      "0": {
        "name": "(anonymous_0)",
        "decl": {
          "start": {
            "line": 25,
            "column": 22
          },
          "end": {
            "line": 25,
            "column": 23
          }
        },
        "loc": {
          "start": {
            "line": 25,
            "column": 56
          },
          "end": {
            "line": 37,
            "column": 1
          }
        },
        "line": 25
      },
      "1": {
        "name": "(anonymous_1)",
        "decl": {
          "start": {
            "line": 34,
            "column": 10
          },
          "end": {
            "line": 34,
            "column": 11
          }
        },
        "loc": {
          "start": {
            "line": 34,
            "column": 30
          },
          "end": {
            "line": 36,
            "column": 3
          }
        },
        "line": 34
      },
      "2": {
        "name": "(anonymous_2)",
        "decl": {
          "start": {
            "line": 39,
            "column": 13
          },
          "end": {
            "line": 39,
            "column": 14
          }
        },
        "loc": {
          "start": {
            "line": 39,
            "column": 29
          },
          "end": {
            "line": 100,
            "column": 1
          }
        },
        "line": 39
      },
      "3": {
        "name": "(anonymous_3)",
        "decl": {
          "start": {
            "line": 89,
            "column": 21
          },
          "end": {
            "line": 89,
            "column": 22
          }
        },
        "loc": {
          "start": {
            "line": 89,
            "column": 27
          },
          "end": {
            "line": 89,
            "column": 67
          }
        },
        "line": 89
      },
      "4": {
        "name": "(anonymous_4)",
        "decl": {
          "start": {
            "line": 95,
            "column": 80
          },
          "end": {
            "line": 95,
            "column": 81
          }
        },
        "loc": {
          "start": {
            "line": 95,
            "column": 86
          },
          "end": {
            "line": 95,
            "column": 119
          }
        },
        "line": 95
      }
    },
    "branchMap": {
      "0": {
        "loc": {
          "start": {
            "line": 63,
            "column": 11
          },
          "end": {
            "line": 70,
            "column": 11
          }
        },
        "type": "binary-expr",
        "locations": [
          {
            "start": {
              "line": 63,
              "column": 11
            },
            "end": {
              "line": 63,
              "column": 17
            }
          },
          {
            "start": {
              "line": 64,
              "column": 12
            },
            "end": {
              "line": 69,
              "column": 19
            }
          }
        ],
        "line": 63
      },
      "1": {
        "loc": {
          "start": {
            "line": 66,
            "column": 15
          },
          "end": {
            "line": 68,
            "column": 15
          }
        },
        "type": "binary-expr",
        "locations": [
          {
            "start": {
              "line": 66,
              "column": 15
            },
            "end": {
              "line": 66,
              "column": 28
            }
          },
          {
            "start": {
              "line": 66,
              "column": 32
            },
            "end": {
              "line": 66,
              "column": 38
            }
          },
          {
            "start": {
              "line": 67,
              "column": 16
            },
            "end": {
              "line": 67,
              "column": 69
            }
          }
        ],
        "line": 66
      },
      "2": {
        "loc": {
          "start": {
            "line": 72,
            "column": 11
          },
          "end": {
            "line": 80,
            "column": 11
          }
        },
        "type": "binary-expr",
        "locations": [
          {
            "start": {
              "line": 72,
              "column": 11
            },
            "end": {
              "line": 72,
              "column": 15
            }
          },
          {
            "start": {
              "line": 73,
              "column": 12
            },
            "end": {
              "line": 79,
              "column": 19
            }
          }
        ],
        "line": 72
      },
      "3": {
        "loc": {
          "start": {
            "line": 86,
            "column": 13
          },
          "end": {
            "line": 86,
            "column": 52
          }
        },
        "type": "binary-expr",
        "locations": [
          {
            "start": {
              "line": 86,
              "column": 13
            },
            "end": {
              "line": 86,
              "column": 21
            }
          },
          {
            "start": {
              "line": 86,
              "column": 25
            },
            "end": {
              "line": 86,
              "column": 52
            }
          }
        ],
        "line": 86
      },
      "4": {
        "loc": {
          "start": {
            "line": 95,
            "column": 7
          },
          "end": {
            "line": 97,
            "column": 25
          }
        },
        "type": "binary-expr",
        "locations": [
          {
            "start": {
              "line": 95,
              "column": 7
            },
            "end": {
              "line": 95,
              "column": 16
            }
          },
          {
            "start": {
              "line": 95,
              "column": 20
            },
            "end": {
              "line": 95,
              "column": 27
            }
          },
          {
            "start": {
              "line": 95,
              "column": 31
            },
            "end": {
              "line": 97,
              "column": 25
            }
          }
        ],
        "line": 95
      },
      "5": {
        "loc": {
          "start": {
            "line": 150,
            "column": 12
          },
          "end": {
            "line": 150,
            "column": 51
          }
        },
        "type": "cond-expr",
        "locations": [
          {
            "start": {
              "line": 150,
              "column": 36
            },
            "end": {
              "line": 150,
              "column": 39
            }
          },
          {
            "start": {
              "line": 150,
              "column": 42
            },
            "end": {
              "line": 150,
              "column": 51
            }
          }
        ],
        "line": 150
      }
    },
    "s": {
      "0": 18,
      "1": 18,
      "2": 18,
      "3": 0,
      "4": 0,
      "5": 18,
      "6": 0,
      "7": 0,
      "8": 0,
      "9": 0,
      "10": 0,
      "11": 0,
      "12": 18
    },
    "f": {
      "0": 0,
      "1": 0,
      "2": 0,
      "3": 0,
      "4": 0
    },
    "b": {
      "0": [
        0,
        0
      ],
      "1": [
        0,
        0,
        0
      ],
      "2": [
        0,
        0
      ],
      "3": [
        0,
        0
      ],
      "4": [
        0,
        0,
        0
      ],
      "5": [
        18,
        0
      ]
    },
    "_coverageSchema": "1a1c01bbd47fc00a2c39e90264f33305004495a9",
    "hash": "095277bc260a9260cbfb36e6dc083f093dcf689b"
  },
  "/app/redux/store.js": {
    "path": "/e2e/redux/store.js",
    "statementMap": {
      "0": {
        "start": {
          "line": 3,
          "column": 22
        },
        "end": {
          "line": 3,
          "column": 37
        }
      },
      "1": {
        "start": {
          "line": 4,
          "column": 25
        },
        "end": {
          "line": 4,
          "column": 43
        }
      },
      "2": {
        "start": {
          "line": 5,
          "column": 29
        },
        "end": {
          "line": 5,
          "column": 51
        }
      },
      "3": {
        "start": {
          "line": 8,
          "column": 4
        },
        "end": {
          "line": 11,
          "column": 5
        }
      },
      "4": {
        "start": {
          "line": 15,
          "column": 4
        },
        "end": {
          "line": 19,
          "column": 5
        }
      },
      "5": {
        "start": {
          "line": 23,
          "column": 4
        },
        "end": {
          "line": 27,
          "column": 5
        }
      },
      "6": {
        "start": {
          "line": 30,
          "column": 21
        },
        "end": {
          "line": 34,
          "column": 1
        }
      },
      "7": {
        "start": {
          "line": 36,
          "column": 16
        },
        "end": {
          "line": 53,
          "column": 1
        }
      },
      "8": {
        "start": {
          "line": 37,
          "column": 4
        },
        "end": {
          "line": 52,
          "column": 5
        }
      },
      "9": {
        "start": {
          "line": 38,
          "column": 28
        },
        "end": {
          "line": 41,
          "column": 9
        }
      },
      "10": {
        "start": {
          "line": 42,
          "column": 31
        },
        "end": {
          "line": 45,
          "column": 9
        }
      },
      "11": {
        "start": {
          "line": 46,
          "column": 35
        },
        "end": {
          "line": 49,
          "column": 9
        }
      },
      "12": {
        "start": {
          "line": 51,
          "column": 17
        },
        "end": {
          "line": 51,
          "column": 29
        }
      },
      "13": {
        "start": {
          "line": 55,
          "column": 21
        },
        "end": {
          "line": 55,
          "column": 41
        }
      }
    },
    "fnMap": {
      "0": {
        "name": "toggleFilter",
        "decl": {
          "start": {
            "line": 7,
            "column": 16
          },
          "end": {
            "line": 7,
            "column": 28
          }
        },
        "loc": {
          "start": {
            "line": 7,
            "column": 31
          },
          "end": {
            "line": 12,
            "column": 1
          }
        },
        "line": 7
      },
      "1": {
        "name": "pickSizeFilter",
        "decl": {
          "start": {
            "line": 14,
            "column": 16
          },
          "end": {
            "line": 14,
            "column": 30
          }
        },
        "loc": {
          "start": {
            "line": 14,
            "column": 37
          },
          "end": {
            "line": 20,
            "column": 1
          }
        },
        "line": 14
      },
      "2": {
        "name": "pickDistanceFilter",
        "decl": {
          "start": {
            "line": 22,
            "column": 16
          },
          "end": {
            "line": 22,
            "column": 34
          }
        },
        "loc": {
          "start": {
            "line": 22,
            "column": 45
          },
          "end": {
            "line": 28,
            "column": 1
          }
        },
        "line": 22
      },
      "3": {
        "name": "(anonymous_3)",
        "decl": {
          "start": {
            "line": 36,
            "column": 16
          },
          "end": {
            "line": 36,
            "column": 17
          }
        },
        "loc": {
          "start": {
            "line": 36,
            "column": 50
          },
          "end": {
            "line": 53,
            "column": 1
          }
        },
        "line": 36
      }
    },
    "branchMap": {
      "0": {
        "loc": {
          "start": {
            "line": 36,
            "column": 17
          },
          "end": {
            "line": 36,
            "column": 37
          }
        },
        "type": "default-arg",
        "locations": [
          {
            "start": {
              "line": 36,
              "column": 25
            },
            "end": {
              "line": 36,
              "column": 37
            }
          }
        ],
        "line": 36
      },
      "1": {
        "loc": {
          "start": {
            "line": 37,
            "column": 4
          },
          "end": {
            "line": 52,
            "column": 5
          }
        },
        "type": "switch",
        "locations": [
          {
            "start": {
              "line": 38,
              "column": 8
            },
            "end": {
              "line": 41,
              "column": 9
            }
          },
          {
            "start": {
              "line": 42,
              "column": 8
            },
            "end": {
              "line": 45,
              "column": 9
            }
          },
          {
            "start": {
              "line": 46,
              "column": 8
            },
            "end": {
              "line": 49,
              "column": 9
            }
          },
          {
            "start": {
              "line": 51,
              "column": 8
            },
            "end": {
              "line": 51,
              "column": 29
            }
          }
        ],
        "line": 37
      }
    },
    "s": {
      "0": 18,
      "1": 18,
      "2": 18,
      "3": 0,
      "4": 0,
      "5": 0,
      "6": 18,
      "7": 18,
      "8": 18,
      "9": 0,
      "10": 0,
      "11": 0,
      "12": 18,
      "13": 18
    },
    "f": {
      "0": 0,
      "1": 0,
      "2": 0,
      "3": 18
    },
    "b": {
      "0": [
        18
      ],
      "1": [
        0,
        0,
        0,
        18
      ]
    },
    "_coverageSchema": "1a1c01bbd47fc00a2c39e90264f33305004495a9",
    "hash": "7f444a654b5dca059a5364654e213a810319d1fe"
  },
  "/app/constants/Values.js": {
    "path": "/e2e/constants/Values.js",
    "statementMap": {
      "0": {
        "start": {
          "line": 1,
          "column": 26
        },
        "end": {
          "line": 7,
          "column": 1
        }
      },
      "1": {
        "start": {
          "line": 9,
          "column": 27
        },
        "end": {
          "line": 9,
          "column": 30
        }
      }
    },
    "fnMap": {},
    "branchMap": {},
    "s": {
      "0": 18,
      "1": 18
    },
    "f": {},
    "b": {},
    "_coverageSchema": "1a1c01bbd47fc00a2c39e90264f33305004495a9",
    "hash": "f993588d75c8e529dbb343cac85e33d2f93c7727"
  },
  "/app/components/SizeSelector.js": {
    "path": "/e2e/components/SizeSelector.js",
    "statementMap": {
      "0": {
        "start": {
          "line": 7,
          "column": 24
        },
        "end": {
          "line": 15,
          "column": 1
        }
      },
      "1": {
        "start": {
          "line": 8,
          "column": 43
        },
        "end": {
          "line": 8,
          "column": 48
        }
      },
      "2": {
        "start": {
          "line": 9,
          "column": 4
        },
        "end": {
          "line": 14,
          "column": 28
        }
      },
      "3": {
        "start": {
          "line": 17,
          "column": 21
        },
        "end": {
          "line": 44,
          "column": 1
        }
      },
      "4": {
        "start": {
          "line": 19,
          "column": 112
        },
        "end": {
          "line": 19,
          "column": 117
        }
      },
      "5": {
        "start": {
          "line": 21,
          "column": 21
        },
        "end": {
          "line": 36,
          "column": 5
        }
      },
      "6": {
        "start": {
          "line": 22,
          "column": 8
        },
        "end": {
          "line": 34,
          "column": 9
        }
      },
      "7": {
        "start": {
          "line": 23,
          "column": 12
        },
        "end": {
          "line": 31,
          "column": 15
        }
      },
      "8": {
        "start": {
          "line": 24,
          "column": 16
        },
        "end": {
          "line": 30,
          "column": 17
        }
      },
      "9": {
        "start": {
          "line": 25,
          "column": 20
        },
        "end": {
          "line": 25,
          "column": 39
        }
      },
      "10": {
        "start": {
          "line": 26,
          "column": 20
        },
        "end": {
          "line": 26,
          "column": 41
        }
      },
      "11": {
        "start": {
          "line": 28,
          "column": 20
        },
        "end": {
          "line": 28,
          "column": 36
        }
      },
      "12": {
        "start": {
          "line": 29,
          "column": 20
        },
        "end": {
          "line": 29,
          "column": 41
        }
      },
      "13": {
        "start": {
          "line": 33,
          "column": 12
        },
        "end": {
          "line": 33,
          "column": 36
        }
      },
      "14": {
        "start": {
          "line": 38,
          "column": 27
        },
        "end": {
          "line": 42,
          "column": 6
        }
      },
      "15": {
        "start": {
          "line": 39,
          "column": 8
        },
        "end": {
          "line": 41,
          "column": 66
        }
      },
      "16": {
        "start": {
          "line": 41,
          "column": 48
        },
        "end": {
          "line": 41,
          "column": 63
        }
      },
      "17": {
        "start": {
          "line": 43,
          "column": 4
        },
        "end": {
          "line": 43,
          "column": 73
        }
      },
      "18": {
        "start": {
          "line": 46,
          "column": 15
        },
        "end": {
          "line": 72,
          "column": 2
        }
      }
    },
    "fnMap": {
      "0": {
        "name": "(anonymous_0)",
        "decl": {
          "start": {
            "line": 7,
            "column": 24
          },
          "end": {
            "line": 7,
            "column": 25
          }
        },
        "loc": {
          "start": {
            "line": 7,
            "column": 33
          },
          "end": {
            "line": 15,
            "column": 1
          }
        },
        "line": 7
      },
      "1": {
        "name": "(anonymous_1)",
        "decl": {
          "start": {
            "line": 17,
            "column": 21
          },
          "end": {
            "line": 17,
            "column": 22
          }
        },
        "loc": {
          "start": {
            "line": 17,
            "column": 30
          },
          "end": {
            "line": 44,
            "column": 1
          }
        },
        "line": 17
      },
      "2": {
        "name": "(anonymous_2)",
        "decl": {
          "start": {
            "line": 21,
            "column": 21
          },
          "end": {
            "line": 21,
            "column": 22
          }
        },
        "loc": {
          "start": {
            "line": 21,
            "column": 32
          },
          "end": {
            "line": 36,
            "column": 5
          }
        },
        "line": 21
      },
      "3": {
        "name": "(anonymous_3)",
        "decl": {
          "start": {
            "line": 23,
            "column": 31
          },
          "end": {
            "line": 23,
            "column": 32
          }
        },
        "loc": {
          "start": {
            "line": 23,
            "column": 39
          },
          "end": {
            "line": 31,
            "column": 13
          }
        },
        "line": 23
      },
      "4": {
        "name": "(anonymous_4)",
        "decl": {
          "start": {
            "line": 38,
            "column": 42
          },
          "end": {
            "line": 38,
            "column": 43
          }
        },
        "loc": {
          "start": {
            "line": 38,
            "column": 59
          },
          "end": {
            "line": 42,
            "column": 5
          }
        },
        "line": 38
      },
      "5": {
        "name": "(anonymous_5)",
        "decl": {
          "start": {
            "line": 41,
            "column": 42
          },
          "end": {
            "line": 41,
            "column": 43
          }
        },
        "loc": {
          "start": {
            "line": 41,
            "column": 48
          },
          "end": {
            "line": 41,
            "column": 63
          }
        },
        "line": 41
      }
    },
    "branchMap": {
      "0": {
        "loc": {
          "start": {
            "line": 11,
            "column": 54
          },
          "end": {
            "line": 11,
            "column": 81
          }
        },
        "type": "binary-expr",
        "locations": [
          {
            "start": {
              "line": 11,
              "column": 54
            },
            "end": {
              "line": 11,
              "column": 62
            }
          },
          {
            "start": {
              "line": 11,
              "column": 66
            },
            "end": {
              "line": 11,
              "column": 81
            }
          }
        ],
        "line": 11
      },
      "1": {
        "loc": {
          "start": {
            "line": 12,
            "column": 25
          },
          "end": {
            "line": 12,
            "column": 80
          }
        },
        "type": "cond-expr",
        "locations": [
          {
            "start": {
              "line": 12,
              "column": 36
            },
            "end": {
              "line": 12,
              "column": 55
            }
          },
          {
            "start": {
              "line": 12,
              "column": 58
            },
            "end": {
              "line": 12,
              "column": 80
            }
          }
        ],
        "line": 12
      },
      "2": {
        "loc": {
          "start": {
            "line": 13,
            "column": 25
          },
          "end": {
            "line": 13,
            "column": 80
          }
        },
        "type": "cond-expr",
        "locations": [
          {
            "start": {
              "line": 13,
              "column": 36
            },
            "end": {
              "line": 13,
              "column": 55
            }
          },
          {
            "start": {
              "line": 13,
              "column": 58
            },
            "end": {
              "line": 13,
              "column": 80
            }
          }
        ],
        "line": 13
      },
      "3": {
        "loc": {
          "start": {
            "line": 22,
            "column": 8
          },
          "end": {
            "line": 34,
            "column": 9
          }
        },
        "type": "if",
        "locations": [
          {
            "start": {
              "line": 22,
              "column": 8
            },
            "end": {
              "line": 34,
              "column": 9
            }
          },
          {
            "start": {
              "line": 22,
              "column": 8
            },
            "end": {
              "line": 34,
              "column": 9
            }
          }
        ],
        "line": 22
      },
      "4": {
        "loc": {
          "start": {
            "line": 24,
            "column": 16
          },
          "end": {
            "line": 30,
            "column": 17
          }
        },
        "type": "if",
        "locations": [
          {
            "start": {
              "line": 24,
              "column": 16
            },
            "end": {
              "line": 30,
              "column": 17
            }
          },
          {
            "start": {
              "line": 24,
              "column": 16
            },
            "end": {
              "line": 30,
              "column": 17
            }
          }
        ],
        "line": 24
      },
      "5": {
        "loc": {
          "start": {
            "line": 40,
            "column": 42
          },
          "end": {
            "line": 40,
            "column": 105
          }
        },
        "type": "cond-expr",
        "locations": [
          {
            "start": {
              "line": 40,
              "column": 53
            },
            "end": {
              "line": 40,
              "column": 79
            }
          },
          {
            "start": {
              "line": 40,
              "column": 82
            },
            "end": {
              "line": 40,
              "column": 105
            }
          }
        ],
        "line": 40
      }
    },
    "s": {
      "0": 18,
      "1": 35,
      "2": 35,
      "3": 18,
      "4": 7,
      "5": 7,
      "6": 0,
      "7": 0,
      "8": 0,
      "9": 0,
      "10": 0,
      "11": 0,
      "12": 0,
      "13": 0,
      "14": 7,
      "15": 35,
      "16": 0,
      "17": 7,
      "18": 18
    },
    "f": {
      "0": 35,
      "1": 7,
      "2": 0,
      "3": 0,
      "4": 35,
      "5": 0
    },
    "b": {
      "0": [
        35,
        35
      ],
      "1": [
        35,
        0
      ],
      "2": [
        35,
        0
      ],
      "3": [
        0,
        0
      ],
      "4": [
        0,
        0
      ],
      "5": [
        35,
        0
      ]
    },
    "_coverageSchema": "1a1c01bbd47fc00a2c39e90264f33305004495a9",
    "hash": "c144534c94d5b5a41fbb6c10d8e79113ec450b5f"
  },
  "/app/components/ExploreFilter.tsx": {
    "path": "/e2e/components/ExploreFilter.tsx",
    "statementMap": {
      "0": {
        "start": {
          "line": 16,
          "column": 22
        },
        "end": {
          "line": 49,
          "column": 1
        }
      },
      "1": {
        "start": {
          "line": 17,
          "column": 107
        },
        "end": {
          "line": 17,
          "column": 112
        }
      },
      "2": {
        "start": {
          "line": 18,
          "column": 4
        },
        "end": {
          "line": 48,
          "column": 24
        }
      },
      "3": {
        "start": {
          "line": 38,
          "column": 48
        },
        "end": {
          "line": 38,
          "column": 92
        }
      },
      "4": {
        "start": {
          "line": 51,
          "column": 24
        },
        "end": {
          "line": 55,
          "column": 1
        }
      },
      "5": {
        "start": {
          "line": 52,
          "column": 4
        },
        "end": {
          "line": 54,
          "column": 5
        }
      },
      "6": {
        "start": {
          "line": 57,
          "column": 27
        },
        "end": {
          "line": 63,
          "column": 1
        }
      },
      "7": {
        "start": {
          "line": 58,
          "column": 4
        },
        "end": {
          "line": 62,
          "column": 5
        }
      },
      "8": {
        "start": {
          "line": 60,
          "column": 12
        },
        "end": {
          "line": 60,
          "column": 44
        }
      },
      "9": {
        "start": {
          "line": 65,
          "column": 15
        },
        "end": {
          "line": 122,
          "column": 2
        }
      }
    },
    "fnMap": {
      "0": {
        "name": "(anonymous_0)",
        "decl": {
          "start": {
            "line": 16,
            "column": 22
          },
          "end": {
            "line": 16,
            "column": 23
          }
        },
        "loc": {
          "start": {
            "line": 16,
            "column": 38
          },
          "end": {
            "line": 49,
            "column": 1
          }
        },
        "line": 16
      },
      "1": {
        "name": "(anonymous_1)",
        "decl": {
          "start": {
            "line": 38,
            "column": 39
          },
          "end": {
            "line": 38,
            "column": 40
          }
        },
        "loc": {
          "start": {
            "line": 38,
            "column": 48
          },
          "end": {
            "line": 38,
            "column": 92
          }
        },
        "line": 38
      },
      "2": {
        "name": "(anonymous_2)",
        "decl": {
          "start": {
            "line": 51,
            "column": 24
          },
          "end": {
            "line": 51,
            "column": 25
          }
        },
        "loc": {
          "start": {
            "line": 51,
            "column": 40
          },
          "end": {
            "line": 55,
            "column": 1
          }
        },
        "line": 51
      },
      "3": {
        "name": "(anonymous_3)",
        "decl": {
          "start": {
            "line": 57,
            "column": 27
          },
          "end": {
            "line": 57,
            "column": 28
          }
        },
        "loc": {
          "start": {
            "line": 57,
            "column": 77
          },
          "end": {
            "line": 63,
            "column": 1
          }
        },
        "line": 57
      },
      "4": {
        "name": "(anonymous_4)",
        "decl": {
          "start": {
            "line": 59,
            "column": 14
          },
          "end": {
            "line": 59,
            "column": 15
          }
        },
        "loc": {
          "start": {
            "line": 59,
            "column": 20
          },
          "end": {
            "line": 61,
            "column": 9
          }
        },
        "line": 59
      }
    },
    "branchMap": {},
    "s": {
      "0": 18,
      "1": 7,
      "2": 7,
      "3": 0,
      "4": 18,
      "5": 7,
      "6": 18,
      "7": 7,
      "8": 0,
      "9": 18
    },
    "f": {
      "0": 7,
      "1": 0,
      "2": 7,
      "3": 7,
      "4": 0
    },
    "b": {},
    "_coverageSchema": "1a1c01bbd47fc00a2c39e90264f33305004495a9",
    "hash": "6781895dbcbd16983a227ceabf9dc68be42fe45d"
  },
  "/app/screens/TabExplore.tsx": {
    "path": "/e2e/screens/TabExplore.tsx",
    "statementMap": {
      "0": {
        "start": {
          "line": 21,
          "column": 17
        },
        "end": {
          "line": 21,
          "column": 177
        }
      },
      "1": {
        "start": {
          "line": 22,
          "column": 16
        },
        "end": {
          "line": 22,
          "column": 140
        }
      },
      "2": {
        "start": {
          "line": 113,
          "column": 18
        },
        "end": {
          "line": 124,
          "column": 1
        }
      },
      "3": {
        "start": {
          "line": 114,
          "column": 21
        },
        "end": {
          "line": 114,
          "column": 69
        }
      },
      "4": {
        "start": {
          "line": 115,
          "column": 4
        },
        "end": {
          "line": 115,
          "column": 38
        }
      },
      "5": {
        "start": {
          "line": 116,
          "column": 4
        },
        "end": {
          "line": 120,
          "column": 5
        }
      },
      "6": {
        "start": {
          "line": 117,
          "column": 8
        },
        "end": {
          "line": 119,
          "column": 9
        }
      },
      "7": {
        "start": {
          "line": 118,
          "column": 12
        },
        "end": {
          "line": 118,
          "column": 41
        }
      },
      "8": {
        "start": {
          "line": 122,
          "column": 4
        },
        "end": {
          "line": 122,
          "column": 32
        }
      },
      "9": {
        "start": {
          "line": 128,
          "column": 14
        },
        "end": {
          "line": 128,
          "column": 22
        }
      },
      "10": {
        "start": {
          "line": 130,
          "column": 23
        },
        "end": {
          "line": 137,
          "column": 5
        }
      },
      "11": {
        "start": {
          "line": 138,
          "column": 19
        },
        "end": {
          "line": 141,
          "column": 5
        }
      },
      "12": {
        "start": {
          "line": 142,
          "column": 4
        },
        "end": {
          "line": 142,
          "column": 35
        }
      },
      "13": {
        "start": {
          "line": 143,
          "column": 19
        },
        "end": {
          "line": 143,
          "column": 71
        }
      },
      "14": {
        "start": {
          "line": 145,
          "column": 4
        },
        "end": {
          "line": 145,
          "column": 51
        }
      },
      "15": {
        "start": {
          "line": 146,
          "column": 23
        },
        "end": {
          "line": 146,
          "column": 38
        }
      },
      "16": {
        "start": {
          "line": 147,
          "column": 4
        },
        "end": {
          "line": 147,
          "column": 39
        }
      },
      "17": {
        "start": {
          "line": 148,
          "column": 4
        },
        "end": {
          "line": 160,
          "column": 5
        }
      },
      "18": {
        "start": {
          "line": 151,
          "column": 12
        },
        "end": {
          "line": 151,
          "column": 18
        }
      },
      "19": {
        "start": {
          "line": 153,
          "column": 12
        },
        "end": {
          "line": 153,
          "column": 68
        }
      },
      "20": {
        "start": {
          "line": 154,
          "column": 12
        },
        "end": {
          "line": 154,
          "column": 18
        }
      },
      "21": {
        "start": {
          "line": 158,
          "column": 12
        },
        "end": {
          "line": 158,
          "column": 48
        }
      },
      "22": {
        "start": {
          "line": 159,
          "column": 12
        },
        "end": {
          "line": 159,
          "column": 18
        }
      },
      "23": {
        "start": {
          "line": 162,
          "column": 4
        },
        "end": {
          "line": 162,
          "column": 46
        }
      },
      "24": {
        "start": {
          "line": 163,
          "column": 4
        },
        "end": {
          "line": 163,
          "column": 33
        }
      },
      "25": {
        "start": {
          "line": 168,
          "column": 14
        },
        "end": {
          "line": 168,
          "column": 22
        }
      },
      "26": {
        "start": {
          "line": 170,
          "column": 23
        },
        "end": {
          "line": 177,
          "column": 5
        }
      },
      "27": {
        "start": {
          "line": 179,
          "column": 16
        },
        "end": {
          "line": 179,
          "column": 33
        }
      },
      "28": {
        "start": {
          "line": 180,
          "column": 16
        },
        "end": {
          "line": 180,
          "column": 60
        }
      },
      "29": {
        "start": {
          "line": 181,
          "column": 4
        },
        "end": {
          "line": 181,
          "column": 20
        }
      },
      "30": {
        "start": {
          "line": 182,
          "column": 4
        },
        "end": {
          "line": 182,
          "column": 35
        }
      },
      "31": {
        "start": {
          "line": 183,
          "column": 19
        },
        "end": {
          "line": 183,
          "column": 47
        }
      },
      "32": {
        "start": {
          "line": 184,
          "column": 23
        },
        "end": {
          "line": 184,
          "column": 38
        }
      },
      "33": {
        "start": {
          "line": 185,
          "column": 4
        },
        "end": {
          "line": 185,
          "column": 39
        }
      },
      "34": {
        "start": {
          "line": 186,
          "column": 4
        },
        "end": {
          "line": 199,
          "column": 5
        }
      },
      "35": {
        "start": {
          "line": 189,
          "column": 12
        },
        "end": {
          "line": 189,
          "column": 41
        }
      },
      "36": {
        "start": {
          "line": 190,
          "column": 12
        },
        "end": {
          "line": 190,
          "column": 18
        }
      },
      "37": {
        "start": {
          "line": 192,
          "column": 12
        },
        "end": {
          "line": 192,
          "column": 68
        }
      },
      "38": {
        "start": {
          "line": 193,
          "column": 12
        },
        "end": {
          "line": 193,
          "column": 18
        }
      },
      "39": {
        "start": {
          "line": 197,
          "column": 12
        },
        "end": {
          "line": 197,
          "column": 48
        }
      },
      "40": {
        "start": {
          "line": 198,
          "column": 12
        },
        "end": {
          "line": 198,
          "column": 18
        }
      },
      "41": {
        "start": {
          "line": 201,
          "column": 4
        },
        "end": {
          "line": 201,
          "column": 46
        }
      },
      "42": {
        "start": {
          "line": 204,
          "column": 19
        },
        "end": {
          "line": 210,
          "column": 1
        }
      },
      "43": {
        "start": {
          "line": 212,
          "column": 20
        },
        "end": {
          "line": 228,
          "column": 1
        }
      },
      "44": {
        "start": {
          "line": 213,
          "column": 19
        },
        "end": {
          "line": 213,
          "column": 69
        }
      },
      "45": {
        "start": {
          "line": 214,
          "column": 4
        },
        "end": {
          "line": 214,
          "column": 44
        }
      },
      "46": {
        "start": {
          "line": 215,
          "column": 4
        },
        "end": {
          "line": 217,
          "column": 5
        }
      },
      "47": {
        "start": {
          "line": 216,
          "column": 8
        },
        "end": {
          "line": 216,
          "column": 15
        }
      },
      "48": {
        "start": {
          "line": 219,
          "column": 4
        },
        "end": {
          "line": 225,
          "column": 5
        }
      },
      "49": {
        "start": {
          "line": 220,
          "column": 8
        },
        "end": {
          "line": 220,
          "column": 94
        }
      },
      "50": {
        "start": {
          "line": 221,
          "column": 8
        },
        "end": {
          "line": 221,
          "column": 24
        }
      },
      "51": {
        "start": {
          "line": 223,
          "column": 8
        },
        "end": {
          "line": 223,
          "column": 45
        }
      },
      "52": {
        "start": {
          "line": 224,
          "column": 8
        },
        "end": {
          "line": 224,
          "column": 15
        }
      },
      "53": {
        "start": {
          "line": 230,
          "column": 36
        },
        "end": {
          "line": 230,
          "column": 64
        }
      },
      "54": {
        "start": {
          "line": 231,
          "column": 36
        },
        "end": {
          "line": 231,
          "column": 48
        }
      },
      "55": {
        "start": {
          "line": 232,
          "column": 36
        },
        "end": {
          "line": 232,
          "column": 49
        }
      },
      "56": {
        "start": {
          "line": 233,
          "column": 50
        },
        "end": {
          "line": 233,
          "column": 84
        }
      },
      "57": {
        "start": {
          "line": 234,
          "column": 36
        },
        "end": {
          "line": 234,
          "column": 72
        }
      },
      "58": {
        "start": {
          "line": 235,
          "column": 38
        },
        "end": {
          "line": 235,
          "column": 61
        }
      },
      "59": {
        "start": {
          "line": 236,
          "column": 22
        },
        "end": {
          "line": 236,
          "column": 36
        }
      },
      "60": {
        "start": {
          "line": 239,
          "column": 21
        },
        "end": {
          "line": 239,
          "column": 44
        }
      },
      "61": {
        "start": {
          "line": 240,
          "column": 4
        },
        "end": {
          "line": 249,
          "column": 10
        }
      },
      "62": {
        "start": {
          "line": 241,
          "column": 32
        },
        "end": {
          "line": 247,
          "column": 9
        }
      },
      "63": {
        "start": {
          "line": 242,
          "column": 29
        },
        "end": {
          "line": 242,
          "column": 48
        }
      },
      "64": {
        "start": {
          "line": 243,
          "column": 12
        },
        "end": {
          "line": 246,
          "column": 72
        }
      },
      "65": {
        "start": {
          "line": 244,
          "column": 16
        },
        "end": {
          "line": 244,
          "column": 38
        }
      },
      "66": {
        "start": {
          "line": 246,
          "column": 16
        },
        "end": {
          "line": 246,
          "column": 72
        }
      },
      "67": {
        "start": {
          "line": 248,
          "column": 8
        },
        "end": {
          "line": 248,
          "column": 25
        }
      },
      "68": {
        "start": {
          "line": 251,
          "column": 4
        },
        "end": {
          "line": 282,
          "column": 57
        }
      },
      "69": {
        "start": {
          "line": 252,
          "column": 24
        },
        "end": {
          "line": 279,
          "column": 9
        }
      },
      "70": {
        "start": {
          "line": 253,
          "column": 12
        },
        "end": {
          "line": 253,
          "column": 30
        }
      },
      "71": {
        "start": {
          "line": 255,
          "column": 12
        },
        "end": {
          "line": 277,
          "column": 13
        }
      },
      "72": {
        "start": {
          "line": 256,
          "column": 53
        },
        "end": {
          "line": 265,
          "column": 17
        }
      },
      "73": {
        "start": {
          "line": 266,
          "column": 16
        },
        "end": {
          "line": 266,
          "column": 34
        }
      },
      "74": {
        "start": {
          "line": 267,
          "column": 33
        },
        "end": {
          "line": 267,
          "column": 73
        }
      },
      "75": {
        "start": {
          "line": 269,
          "column": 16
        },
        "end": {
          "line": 269,
          "column": 49
        }
      },
      "76": {
        "start": {
          "line": 270,
          "column": 16
        },
        "end": {
          "line": 270,
          "column": 49
        }
      },
      "77": {
        "start": {
          "line": 272,
          "column": 16
        },
        "end": {
          "line": 276,
          "column": 47
        }
      },
      "78": {
        "start": {
          "line": 273,
          "column": 20
        },
        "end": {
          "line": 273,
          "column": 41
        }
      },
      "79": {
        "start": {
          "line": 274,
          "column": 20
        },
        "end": {
          "line": 274,
          "column": 39
        }
      },
      "80": {
        "start": {
          "line": 276,
          "column": 20
        },
        "end": {
          "line": 276,
          "column": 47
        }
      },
      "81": {
        "start": {
          "line": 281,
          "column": 8
        },
        "end": {
          "line": 281,
          "column": 18
        }
      },
      "82": {
        "start": {
          "line": 284,
          "column": 15
        },
        "end": {
          "line": 284,
          "column": 26
        }
      },
      "83": {
        "start": {
          "line": 285,
          "column": 4
        },
        "end": {
          "line": 290,
          "column": 5
        }
      },
      "84": {
        "start": {
          "line": 286,
          "column": 8
        },
        "end": {
          "line": 286,
          "column": 24
        }
      },
      "85": {
        "start": {
          "line": 287,
          "column": 11
        },
        "end": {
          "line": 290,
          "column": 5
        }
      },
      "86": {
        "start": {
          "line": 288,
          "column": 8
        },
        "end": {
          "line": 288,
          "column": 40
        }
      },
      "87": {
        "start": {
          "line": 289,
          "column": 8
        },
        "end": {
          "line": 289,
          "column": 25
        }
      },
      "88": {
        "start": {
          "line": 293,
          "column": 4
        },
        "end": {
          "line": 315,
          "column": 6
        }
      },
      "89": {
        "start": {
          "line": 309,
          "column": 49
        },
        "end": {
          "line": 309,
          "column": 56
        }
      },
      "90": {
        "start": {
          "line": 320,
          "column": 23
        },
        "end": {
          "line": 320,
          "column": 101
        }
      },
      "91": {
        "start": {
          "line": 321,
          "column": 22
        },
        "end": {
          "line": 321,
          "column": 57
        }
      },
      "92": {
        "start": {
          "line": 322,
          "column": 20
        },
        "end": {
          "line": 322,
          "column": 53
        }
      },
      "93": {
        "start": {
          "line": 323,
          "column": 20
        },
        "end": {
          "line": 323,
          "column": 71
        }
      },
      "94": {
        "start": {
          "line": 325,
          "column": 22
        },
        "end": {
          "line": 325,
          "column": 68
        }
      },
      "95": {
        "start": {
          "line": 326,
          "column": 18
        },
        "end": {
          "line": 326,
          "column": 79
        }
      },
      "96": {
        "start": {
          "line": 328,
          "column": 4
        },
        "end": {
          "line": 343,
          "column": 6
        }
      },
      "97": {
        "start": {
          "line": 347,
          "column": 15
        },
        "end": {
          "line": 368,
          "column": 2
        }
      }
    },
    "fnMap": {
      "0": {
        "name": "(anonymous_0)",
        "decl": {
          "start": {
            "line": 113,
            "column": 18
          },
          "end": {
            "line": 113,
            "column": 19
          }
        },
        "loc": {
          "start": {
            "line": 113,
            "column": 35
          },
          "end": {
            "line": 124,
            "column": 1
          }
        },
        "line": 113
      },
      "1": {
        "name": "getListings",
        "decl": {
          "start": {
            "line": 126,
            "column": 15
          },
          "end": {
            "line": 126,
            "column": 26
          }
        },
        "loc": {
          "start": {
            "line": 126,
            "column": 45
          },
          "end": {
            "line": 164,
            "column": 1
          }
        },
        "line": 126
      },
      "2": {
        "name": "getFilteredListings",
        "decl": {
          "start": {
            "line": 166,
            "column": 15
          },
          "end": {
            "line": 166,
            "column": 34
          }
        },
        "loc": {
          "start": {
            "line": 166,
            "column": 66
          },
          "end": {
            "line": 202,
            "column": 1
          }
        },
        "line": 166
      },
      "3": {
        "name": "(anonymous_3)",
        "decl": {
          "start": {
            "line": 212,
            "column": 20
          },
          "end": {
            "line": 212,
            "column": 21
          }
        },
        "loc": {
          "start": {
            "line": 212,
            "column": 32
          },
          "end": {
            "line": 228,
            "column": 1
          }
        },
        "line": 212
      },
      "4": {
        "name": "TabExplore",
        "decl": {
          "start": {
            "line": 229,
            "column": 24
          },
          "end": {
            "line": 229,
            "column": 34
          }
        },
        "loc": {
          "start": {
            "line": 229,
            "column": 54
          },
          "end": {
            "line": 316,
            "column": 1
          }
        },
        "line": 229
      },
      "5": {
        "name": "(anonymous_5)",
        "decl": {
          "start": {
            "line": 240,
            "column": 14
          },
          "end": {
            "line": 240,
            "column": 15
          }
        },
        "loc": {
          "start": {
            "line": 240,
            "column": 20
          },
          "end": {
            "line": 249,
            "column": 5
          }
        },
        "line": 240
      },
      "6": {
        "name": "(anonymous_6)",
        "decl": {
          "start": {
            "line": 241,
            "column": 32
          },
          "end": {
            "line": 241,
            "column": 33
          }
        },
        "loc": {
          "start": {
            "line": 241,
            "column": 44
          },
          "end": {
            "line": 247,
            "column": 9
          }
        },
        "line": 241
      },
      "7": {
        "name": "(anonymous_7)",
        "decl": {
          "start": {
            "line": 251,
            "column": 14
          },
          "end": {
            "line": 251,
            "column": 15
          }
        },
        "loc": {
          "start": {
            "line": 251,
            "column": 20
          },
          "end": {
            "line": 282,
            "column": 5
          }
        },
        "line": 251
      },
      "8": {
        "name": "(anonymous_8)",
        "decl": {
          "start": {
            "line": 252,
            "column": 24
          },
          "end": {
            "line": 252,
            "column": 25
          }
        },
        "loc": {
          "start": {
            "line": 252,
            "column": 36
          },
          "end": {
            "line": 279,
            "column": 9
          }
        },
        "line": 252
      },
      "9": {
        "name": "(anonymous_9)",
        "decl": {
          "start": {
            "line": 309,
            "column": 34
          },
          "end": {
            "line": 309,
            "column": 35
          }
        },
        "loc": {
          "start": {
            "line": 309,
            "column": 49
          },
          "end": {
            "line": 309,
            "column": 56
          }
        },
        "line": 309
      },
      "10": {
        "name": "renderItem",
        "decl": {
          "start": {
            "line": 318,
            "column": 9
          },
          "end": {
            "line": 318,
            "column": 19
          }
        },
        "loc": {
          "start": {
            "line": 318,
            "column": 33
          },
          "end": {
            "line": 344,
            "column": 1
          }
        },
        "line": 318
      }
    },
    "branchMap": {
      "0": {
        "loc": {
          "start": {
            "line": 117,
            "column": 8
          },
          "end": {
            "line": 119,
            "column": 9
          }
        },
        "type": "if",
        "locations": [
          {
            "start": {
              "line": 117,
              "column": 8
            },
            "end": {
              "line": 119,
              "column": 9
            }
          },
          {
            "start": {
              "line": 117,
              "column": 8
            },
            "end": {
              "line": 119,
              "column": 9
            }
          }
        ],
        "line": 117
      },
      "1": {
        "loc": {
          "start": {
            "line": 148,
            "column": 4
          },
          "end": {
            "line": 160,
            "column": 5
          }
        },
        "type": "switch",
        "locations": [
          {
            "start": {
              "line": 149,
              "column": 8
            },
            "end": {
              "line": 151,
              "column": 18
            }
          },
          {
            "start": {
              "line": 152,
              "column": 8
            },
            "end": {
              "line": 154,
              "column": 18
            }
          },
          {
            "start": {
              "line": 156,
              "column": 8
            },
            "end": {
              "line": 159,
              "column": 18
            }
          }
        ],
        "line": 148
      },
      "2": {
        "loc": {
          "start": {
            "line": 186,
            "column": 4
          },
          "end": {
            "line": 199,
            "column": 5
          }
        },
        "type": "switch",
        "locations": [
          {
            "start": {
              "line": 187,
              "column": 8
            },
            "end": {
              "line": 190,
              "column": 18
            }
          },
          {
            "start": {
              "line": 191,
              "column": 8
            },
            "end": {
              "line": 193,
              "column": 18
            }
          },
          {
            "start": {
              "line": 195,
              "column": 8
            },
            "end": {
              "line": 198,
              "column": 18
            }
          }
        ],
        "line": 186
      },
      "3": {
        "loc": {
          "start": {
            "line": 215,
            "column": 4
          },
          "end": {
            "line": 217,
            "column": 5
          }
        },
        "type": "if",
        "locations": [
          {
            "start": {
              "line": 215,
              "column": 4
            },
            "end": {
              "line": 217,
              "column": 5
            }
          },
          {
            "start": {
              "line": 215,
              "column": 4
            },
            "end": {
              "line": 217,
              "column": 5
            }
          }
        ],
        "line": 215
      },
      "4": {
        "loc": {
          "start": {
            "line": 243,
            "column": 12
          },
          "end": {
            "line": 246,
            "column": 72
          }
        },
        "type": "if",
        "locations": [
          {
            "start": {
              "line": 243,
              "column": 12
            },
            "end": {
              "line": 246,
              "column": 72
            }
          },
          {
            "start": {
              "line": 243,
              "column": 12
            },
            "end": {
              "line": 246,
              "column": 72
            }
          }
        ],
        "line": 243
      },
      "5": {
        "loc": {
          "start": {
            "line": 255,
            "column": 12
          },
          "end": {
            "line": 277,
            "column": 13
          }
        },
        "type": "if",
        "locations": [
          {
            "start": {
              "line": 255,
              "column": 12
            },
            "end": {
              "line": 277,
              "column": 13
            }
          },
          {
            "start": {
              "line": 255,
              "column": 12
            },
            "end": {
              "line": 277,
              "column": 13
            }
          }
        ],
        "line": 255
      },
      "6": {
        "loc": {
          "start": {
            "line": 257,
            "column": 32
          },
          "end": {
            "line": 257,
            "column": 71
          }
        },
        "type": "binary-expr",
        "locations": [
          {
            "start": {
              "line": 257,
              "column": 32
            },
            "end": {
              "line": 257,
              "column": 58
            }
          },
          {
            "start": {
              "line": 257,
              "column": 62
            },
            "end": {
              "line": 257,
              "column": 71
            }
          }
        ],
        "line": 257
      },
      "7": {
        "loc": {
          "start": {
            "line": 258,
            "column": 32
          },
          "end": {
            "line": 258,
            "column": 72
          }
        },
        "type": "binary-expr",
        "locations": [
          {
            "start": {
              "line": 258,
              "column": 32
            },
            "end": {
              "line": 258,
              "column": 59
            }
          },
          {
            "start": {
              "line": 258,
              "column": 63
            },
            "end": {
              "line": 258,
              "column": 72
            }
          }
        ],
        "line": 258
      },
      "8": {
        "loc": {
          "start": {
            "line": 259,
            "column": 33
          },
          "end": {
            "line": 259,
            "column": 54
          }
        },
        "type": "binary-expr",
        "locations": [
          {
            "start": {
              "line": 259,
              "column": 33
            },
            "end": {
              "line": 259,
              "column": 41
            }
          },
          {
            "start": {
              "line": 259,
              "column": 45
            },
            "end": {
              "line": 259,
              "column": 54
            }
          }
        ],
        "line": 259
      },
      "9": {
        "loc": {
          "start": {
            "line": 272,
            "column": 16
          },
          "end": {
            "line": 276,
            "column": 47
          }
        },
        "type": "if",
        "locations": [
          {
            "start": {
              "line": 272,
              "column": 16
            },
            "end": {
              "line": 276,
              "column": 47
            }
          },
          {
            "start": {
              "line": 272,
              "column": 16
            },
            "end": {
              "line": 276,
              "column": 47
            }
          }
        ],
        "line": 272
      },
      "10": {
        "loc": {
          "start": {
            "line": 285,
            "column": 4
          },
          "end": {
            "line": 290,
            "column": 5
          }
        },
        "type": "if",
        "locations": [
          {
            "start": {
              "line": 285,
              "column": 4
            },
            "end": {
              "line": 290,
              "column": 5
            }
          },
          {
            "start": {
              "line": 285,
              "column": 4
            },
            "end": {
              "line": 290,
              "column": 5
            }
          }
        ],
        "line": 285
      },
      "11": {
        "loc": {
          "start": {
            "line": 287,
            "column": 11
          },
          "end": {
            "line": 290,
            "column": 5
          }
        },
        "type": "if",
        "locations": [
          {
            "start": {
              "line": 287,
              "column": 11
            },
            "end": {
              "line": 290,
              "column": 5
            }
          },
          {
            "start": {
              "line": 287,
              "column": 11
            },
            "end": {
              "line": 290,
              "column": 5
            }
          }
        ],
        "line": 287
      },
      "12": {
        "loc": {
          "start": {
            "line": 301,
            "column": 13
          },
          "end": {
            "line": 312,
            "column": 18
          }
[...]
          "line": 96,
          "column": 16
        },
        "end": {
          "line": 96,
          "column": 47
        }
      },
      "22": {
        "start": {
          "line": 97,
          "column": 33
        },
        "end": {
          "line": 97,
          "column": 90
        }
      },
      "23": {
        "start": {
          "line": 98,
          "column": 16
        },
        "end": {
          "line": 105,
          "column": 17
        }
      },
      "24": {
        "start": {
          "line": 99,
          "column": 41
        },
        "end": {
          "line": 99,
          "column": 62
        }
      },
      "25": {
        "start": {
          "line": 100,
          "column": 20
        },
        "end": {
          "line": 100,
          "column": 75
        }
      },
      "26": {
        "start": {
          "line": 101,
          "column": 20
        },
        "end": {
          "line": 101,
          "column": 66
        }
      },
      "27": {
        "start": {
          "line": 102,
          "column": 20
        },
        "end": {
          "line": 102,
          "column": 74
        }
      },
      "28": {
        "start": {
          "line": 104,
          "column": 20
        },
        "end": {
          "line": 104,
          "column": 53
        }
      },
      "29": {
        "start": {
          "line": 109,
          "column": 30
        },
        "end": {
          "line": 109,
          "column": 52
        }
      },
      "30": {
        "start": {
          "line": 110,
          "column": 39
        },
        "end": {
          "line": 116,
          "column": 17
        }
      },
      "31": {
        "start": {
          "line": 117,
          "column": 33
        },
        "end": {
          "line": 117,
          "column": 90
        }
      },
      "32": {
        "start": {
          "line": 118,
          "column": 16
        },
        "end": {
          "line": 122,
          "column": 17
        }
      },
      "33": {
        "start": {
          "line": 119,
          "column": 41
        },
        "end": {
          "line": 119,
          "column": 62
        }
      },
      "34": {
        "start": {
          "line": 120,
          "column": 20
        },
        "end": {
          "line": 120,
          "column": 45
        }
      },
      "35": {
        "start": {
          "line": 121,
          "column": 20
        },
        "end": {
          "line": 121,
          "column": 77
        }
      },
      "36": {
        "start": {
          "line": 125,
          "column": 16
        },
        "end": {
          "line": 125,
          "column": 54
        }
      },
      "37": {
        "start": {
          "line": 126,
          "column": 16
        },
        "end": {
          "line": 126,
          "column": 44
        }
      },
      "38": {
        "start": {
          "line": 129,
          "column": 39
        },
        "end": {
          "line": 138,
          "column": 17
        }
      },
      "39": {
        "start": {
          "line": 139,
          "column": 33
        },
        "end": {
          "line": 139,
          "column": 93
        }
      },
      "40": {
        "start": {
          "line": 140,
          "column": 16
        },
        "end": {
          "line": 147,
          "column": 17
        }
      },
      "41": {
        "start": {
          "line": 141,
          "column": 41
        },
        "end": {
          "line": 141,
          "column": 62
        }
      },
      "42": {
        "start": {
          "line": 142,
          "column": 20
        },
        "end": {
          "line": 142,
          "column": 75
        }
      },
      "43": {
        "start": {
          "line": 143,
          "column": 20
        },
        "end": {
          "line": 143,
          "column": 66
        }
      },
      "44": {
        "start": {
          "line": 144,
          "column": 20
        },
        "end": {
          "line": 144,
          "column": 74
        }
      },
      "45": {
        "start": {
          "line": 146,
          "column": 20
        },
        "end": {
          "line": 146,
          "column": 53
        }
      },
      "46": {
        "start": {
          "line": 150,
          "column": 16
        },
        "end": {
          "line": 150,
          "column": 39
        }
      },
      "47": {
        "start": {
          "line": 153,
          "column": 16
        },
        "end": {
          "line": 153,
          "column": 35
        }
      },
      "48": {
        "start": {
          "line": 156,
          "column": 16
        },
        "end": {
          "line": 156,
          "column": 39
        }
      },
      "49": {
        "start": {
          "line": 159,
          "column": 16
        },
        "end": {
          "line": 159,
          "column": 38
        }
      },
      "50": {
        "start": {
          "line": 165,
          "column": 4
        },
        "end": {
          "line": 179,
          "column": 5
        }
      },
      "51": {
        "start": {
          "line": 166,
          "column": 8
        },
        "end": {
          "line": 166,
          "column": 20
        }
      },
      "52": {
        "start": {
          "line": 168,
          "column": 8
        },
        "end": {
          "line": 178,
          "column": 10
        }
      }
    },
    "fnMap": {
      "0": {
        "name": "App",
        "decl": {
          "start": {
            "line": 14,
            "column": 24
          },
          "end": {
            "line": 14,
            "column": 27
          }
        },
        "loc": {
          "start": {
            "line": 14,
            "column": 30
          },
          "end": {
            "line": 180,
            "column": 1
          }
        },
        "line": 14
      },
      "1": {
        "name": "(anonymous_1)",
        "decl": {
          "start": {
            "line": 17,
            "column": 8
          },
          "end": {
            "line": 17,
            "column": 9
          }
        },
        "loc": {
          "start": {
            "line": 17,
            "column": 41
          },
          "end": {
            "line": 45,
            "column": 9
          }
        },
        "line": 17
      },
      "2": {
        "name": "(anonymous_2)",
        "decl": {
          "start": {
            "line": 56,
            "column": 20
          },
          "end": {
            "line": 56,
            "column": 21
          }
        },
        "loc": {
          "start": {
            "line": 56,
            "column": 26
          },
          "end": {
            "line": 75,
            "column": 5
          }
        },
        "line": 56
      },
      "3": {
        "name": "(anonymous_3)",
        "decl": {
          "start": {
            "line": 58,
            "column": 31
          },
          "end": {
            "line": 58,
            "column": 32
          }
        },
        "loc": {
          "start": {
            "line": 58,
            "column": 43
          },
          "end": {
            "line": 72,
            "column": 9
          }
        },
        "line": 58
      },
      "4": {
        "name": "(anonymous_4)",
        "decl": {
          "start": {
            "line": 77,
            "column": 20
          },
          "end": {
            "line": 77,
            "column": 21
          }
        },
        "loc": {
          "start": {
            "line": 77,
            "column": 26
          },
          "end": {
            "line": 82,
            "column": 5
          }
        },
        "line": 77
      },
      "5": {
        "name": "(anonymous_5)",
        "decl": {
          "start": {
            "line": 80,
            "column": 55
          },
          "end": {
            "line": 80,
            "column": 56
          }
        },
        "loc": {
          "start": {
            "line": 80,
            "column": 60
          },
          "end": {
            "line": 80,
            "column": 74
          }
        },
        "line": 80
      },
      "6": {
        "name": "(anonymous_6)",
        "decl": {
          "start": {
            "line": 85,
            "column": 8
          },
          "end": {
            "line": 85,
            "column": 9
          }
        },
        "loc": {
          "start": {
            "line": 85,
            "column": 15
          },
          "end": {
            "line": 162,
            "column": 9
          }
        },
        "line": 85
      },
      "7": {
        "name": "(anonymous_7)",
        "decl": {
          "start": {
            "line": 86,
            "column": 20
          },
          "end": {
            "line": 86,
            "column": 21
          }
        },
        "loc": {
          "start": {
            "line": 86,
            "column": 61
          },
          "end": {
            "line": 107,
            "column": 13
          }
        },
        "line": 86
      },
      "8": {
        "name": "(anonymous_8)",
        "decl": {
          "start": {
            "line": 108,
            "column": 22
          },
          "end": {
            "line": 108,
            "column": 23
          }
        },
        "loc": {
          "start": {
            "line": 108,
            "column": 45
          },
          "end": {
            "line": 123,
            "column": 13
          }
        },
        "line": 108
      },
      "9": {
        "name": "(anonymous_9)",
        "decl": {
          "start": {
            "line": 124,
            "column": 21
          },
          "end": {
            "line": 124,
            "column": 22
          }
        },
        "loc": {
          "start": {
            "line": 124,
            "column": 33
          },
          "end": {
            "line": 127,
            "column": 13
          }
        },
        "line": 124
      },
      "10": {
        "name": "(anonymous_10)",
        "decl": {
          "start": {
            "line": 128,
            "column": 20
          },
          "end": {
            "line": 128,
            "column": 21
          }
        },
        "loc": {
          "start": {
            "line": 128,
            "column": 85
          },
          "end": {
            "line": 148,
            "column": 13
          }
        },
        "line": 128
      },
      "11": {
        "name": "(anonymous_11)",
        "decl": {
          "start": {
            "line": 149,
            "column": 20
          },
          "end": {
            "line": 149,
            "column": 21
          }
        },
        "loc": {
          "start": {
            "line": 149,
            "column": 26
          },
          "end": {
            "line": 151,
            "column": 13
          }
        },
        "line": 149
      },
      "12": {
        "name": "(anonymous_12)",
        "decl": {
          "start": {
            "line": 152,
            "column": 21
          },
          "end": {
            "line": 152,
            "column": 22
          }
        },
        "loc": {
          "start": {
            "line": 152,
            "column": 36
          },
          "end": {
            "line": 154,
            "column": 13
          }
        },
        "line": 152
      },
      "13": {
        "name": "(anonymous_13)",
        "decl": {
          "start": {
            "line": 155,
            "column": 25
          },
          "end": {
            "line": 155,
            "column": 26
          }
        },
        "loc": {
          "start": {
            "line": 155,
            "column": 40
          },
          "end": {
            "line": 157,
            "column": 13
          }
        },
        "line": 155
      },
      "14": {
        "name": "(anonymous_14)",
        "decl": {
          "start": {
            "line": 158,
            "column": 24
          },
          "end": {
            "line": 158,
            "column": 25
          }
        },
        "loc": {
          "start": {
            "line": 158,
            "column": 39
          },
          "end": {
            "line": 160,
            "column": 13
          }
        },
        "line": 158
      }
    },
    "branchMap": {
      "0": {
        "loc": {
          "start": {
            "line": 18,
            "column": 12
          },
          "end": {
            "line": 44,
            "column": 13
          }
        },
        "type": "switch",
        "locations": [
          {
            "start": {
              "line": 19,
              "column": 16
            },
            "end": {
              "line": 24,
              "column": 22
            }
          },
          {
            "start": {
              "line": 25,
              "column": 16
            },
            "end": {
              "line": 30,
              "column": 22
            }
          },
          {
            "start": {
              "line": 31,
              "column": 16
            },
            "end": {
              "line": 36,
              "column": 22
            }
          },
          {
            "start": {
              "line": 37,
              "column": 16
            },
            "end": {
              "line": 43,
              "column": 22
            }
          }
        ],
        "line": 18
      },
      "1": {
        "loc": {
          "start": {
            "line": 79,
            "column": 8
          },
          "end": {
            "line": 81,
            "column": 9
          }
        },
        "type": "if",
        "locations": [
          {
            "start": {
              "line": 79,
              "column": 8
            },
            "end": {
              "line": 81,
              "column": 9
            }
          },
          {
            "start": {
              "line": 79,
              "column": 8
            },
            "end": {
              "line": 81,
              "column": 9
            }
          }
        ],
        "line": 79
      },
      "2": {
        "loc": {
          "start": {
            "line": 98,
            "column": 16
          },
          "end": {
            "line": 105,
            "column": 17
          }
        },
        "type": "if",
        "locations": [
          {
            "start": {
              "line": 98,
              "column": 16
            },
            "end": {
              "line": 105,
              "column": 17
            }
          },
          {
            "start": {
              "line": 98,
              "column": 16
            },
            "end": {
              "line": 105,
              "column": 17
            }
          }
        ],
        "line": 98
      },
      "3": {
        "loc": {
          "start": {
            "line": 109,
            "column": 30
          },
          "end": {
            "line": 109,
            "column": 52
          }
        },
        "type": "binary-expr",
        "locations": [
          {
            "start": {
              "line": 109,
              "column": 30
            },
            "end": {
              "line": 109,
              "column": 33
            }
          },
          {
            "start": {
              "line": 109,
              "column": 37
            },
            "end": {
              "line": 109,
              "column": 52
            }
          }
        ],
        "line": 109
      },
      "4": {
        "loc": {
          "start": {
            "line": 118,
            "column": 16
          },
          "end": {
            "line": 122,
            "column": 17
          }
        },
        "type": "if",
        "locations": [
          {
            "start": {
              "line": 118,
              "column": 16
            },
            "end": {
              "line": 122,
              "column": 17
            }
          },
          {
            "start": {
              "line": 118,
              "column": 16
            },
            "end": {
              "line": 122,
              "column": 17
            }
          }
        ],
        "line": 118
      },
      "5": {
        "loc": {
          "start": {
            "line": 140,
            "column": 16
          },
          "end": {
            "line": 147,
            "column": 17
          }
        },
        "type": "if",
        "locations": [
          {
            "start": {
              "line": 140,
              "column": 16
            },
            "end": {
              "line": 147,
              "column": 17
            }
          },
          {
            "start": {
              "line": 140,
              "column": 16
            },
            "end": {
              "line": 147,
              "column": 17
            }
          }
        ],
        "line": 140
      },
      "6": {
        "loc": {
          "start": {
            "line": 165,
            "column": 4
          },
          "end": {
            "line": 179,
            "column": 5
          }
        },
        "type": "if",
        "locations": [
          {
            "start": {
              "line": 165,
              "column": 4
            },
            "end": {
              "line": 179,
              "column": 5
            }
          },
          {
            "start": {
              "line": 165,
              "column": 4
            },
            "end": {
              "line": 179,
              "column": 5
            }
          }
        ],
        "line": 165
      },
      "7": {
        "loc": {
          "start": {
            "line": 173,
            "column": 25
          },
          "end": {
            "line": 173,
            "column": 82
          }
        },
        "type": "cond-expr",
        "locations": [
          {
            "start": {
              "line": 173,
              "column": 51
            },
            "end": {
              "line": 173,
              "column": 63
            }
          },
          {
            "start": {
              "line": 173,
              "column": 66
            },
            "end": {
              "line": 173,
              "column": 82
            }
          }
        ],
        "line": 173
      }
    },
    "s": {
      "0": 70,
      "1": 70,
      "2": 61,
      "3": 36,
      "4": 7,
      "5": 0,
      "6": 18,
      "7": 70,
      "8": 18,
      "9": 18,
      "10": 18,
      "11": 18,
      "12": 18,
      "13": 18,
      "14": 70,
      "15": 25,
      "16": 7,
      "17": 2,
      "18": 70,
      "19": 70,
      "20": 3,
      "21": 3,
      "22": 3,
      "23": 3,
      "24": 3,
      "25": 3,
      "26": 3,
      "27": 3,
      "28": 0,
      "29": 14,
      "30": 14,
      "31": 14,
      "32": 14,
      "33": 14,
      "34": 9,
      "35": 9,
      "36": 0,
      "37": 0,
      "38": 6,
      "39": 6,
      "40": 6,
      "41": 4,
      "42": 4,
      "43": 4,
      "44": 4,
      "45": 2,
      "46": 7,
      "47": 0,
      "48": 0,
      "49": 0,
      "50": 70,
      "51": 36,
      "52": 34
    },
    "f": {
      "0": 70,
      "1": 61,
      "2": 18,
      "3": 18,
      "4": 25,
      "5": 2,
      "6": 70,
      "7": 3,
      "8": 14,
      "9": 0,
      "10": 6,
      "11": 7,
      "12": 0,
      "13": 0,
      "14": 0
    },
    "b": {
      "0": [
        36,
        7,
        0,
        18
      ],
      "1": [
        7,
        18
      ],
      "2": [
        3,
        0
      ],
      "3": [
        14,
        0
      ],
      "4": [
        14,
        0
      ],
      "5": [
        4,
        2
      ],
      "6": [
        36,
        34
      ],
      "7": [
        25,
        9
      ]
    },
    "_coverageSchema": "1a1c01bbd47fc00a2c39e90264f33305004495a9",
    "hash": "3add739dd0e786a030688072ec9fe84903e9e914"
  }
}